2024-08-31 11:46:49,401 [Worker-2: Loading available Gradle versions] INFO  o.e.b.c.i.u.g.PublishedGradleVersions - Gradle version information cache is up-to-date. Trying to read.
2024-08-31 11:48:15,547 [Worker-18: Importing Maven projects] INFO  o.e.m.c.i.l.LifecycleMappingFactory - Using org.eclipse.m2e.jdt.JarLifecycleMapping lifecycle mapping for MavenProject: com.demo:eurekaClient1:0.0.1-SNAPSHOT @ C:\Users\user\Ecommerce_sytem_workspace\ecommerce_sys_Capstone_major_Final\pom.xml.
2024-08-31 11:48:26,388 [Worker-18: Importing Maven projects] INFO  o.e.m.j.i.AbstractJavaProjectConfigurator - Adding source folder /ecommerce_sys_Capstone_major_Final/src/main/java
2024-08-31 11:48:26,392 [Worker-18: Importing Maven projects] INFO  o.e.m.j.i.AbstractJavaProjectConfigurator - Adding resource folder /ecommerce_sys_Capstone_major_Final/src/main/resources
2024-08-31 11:48:26,394 [Worker-18: Importing Maven projects] INFO  o.e.m.j.i.AbstractJavaProjectConfigurator - Adding resource folder /ecommerce_sys_Capstone_major_Final/src/main/resources
2024-08-31 11:48:26,396 [Worker-18: Importing Maven projects] INFO  o.e.m.j.i.AbstractJavaProjectConfigurator - Adding source folder /ecommerce_sys_Capstone_major_Final/src/test/java
2024-08-31 11:48:26,398 [Worker-18: Importing Maven projects] INFO  o.e.m.j.i.AbstractJavaProjectConfigurator - Adding resource folder /ecommerce_sys_Capstone_major_Final/src/test/resources
2024-08-31 11:48:27,242 [Worker-18: Importing Maven projects] INFO  o.e.m.c.i.p.ProjectConfigurationManager - Imported and configured 1 project(s) in 18 sec
2024-08-31 11:48:27,786 [Worker-5: Updating Maven Project] INFO  o.e.m.c.i.p.ProjectConfigurationManager - Update started
2024-08-31 11:48:28,739 [Worker-5: Updating Maven Project] INFO  o.e.m.c.i.l.LifecycleMappingFactory - Using org.eclipse.m2e.jdt.JarLifecycleMapping lifecycle mapping for MavenProject: com.demo:eurekaClient1:0.0.1-SNAPSHOT @ C:\Users\user\Ecommerce_sytem_workspace\ecommerce_sys_Capstone_major_Final\pom.xml.
2024-08-31 11:48:30,951 [Worker-5: Updating Maven Project] INFO  o.e.m.j.i.AbstractJavaProjectConfigurator - Adding source folder /ecommerce_sys_Capstone_major_Final/src/main/java
2024-08-31 11:48:30,952 [Worker-5: Updating Maven Project] INFO  o.e.m.j.i.AbstractJavaProjectConfigurator - Adding resource folder /ecommerce_sys_Capstone_major_Final/src/main/resources
2024-08-31 11:48:30,954 [Worker-5: Updating Maven Project] INFO  o.e.m.j.i.AbstractJavaProjectConfigurator - Adding resource folder /ecommerce_sys_Capstone_major_Final/src/main/resources
2024-08-31 11:48:30,955 [Worker-5: Updating Maven Project] INFO  o.e.m.j.i.AbstractJavaProjectConfigurator - Adding source folder /ecommerce_sys_Capstone_major_Final/src/test/java
2024-08-31 11:48:30,957 [Worker-5: Updating Maven Project] INFO  o.e.m.j.i.AbstractJavaProjectConfigurator - Adding resource folder /ecommerce_sys_Capstone_major_Final/src/test/resources
2024-08-31 11:48:31,784 [Worker-5: Updating Maven Project] INFO  o.e.m.c.i.p.ProjectConfigurationManager - Update completed for 1 poms: local refresh takes 0.00 sec, refresh facades takes 2.00 sec, update config takes 0.00 sec 
2024-08-31 11:48:33,392 [Worker-2: Building] INFO  o.a.m.s.f.DefaultMavenResourcesFiltering - Copying 1 resource from src\main\resources to target\classes
2024-08-31 11:48:33,434 [Worker-2: Building] INFO  o.a.m.s.f.DefaultMavenResourcesFiltering - Copying 0 resource from src\main\resources to target\classes
2024-08-31 11:48:33,441 [Worker-2: Building] INFO  o.a.m.s.f.DefaultMavenResourcesFiltering - skip non existing resourceDirectory C:\Users\user\Ecommerce_sytem_workspace\ecommerce_sys_Capstone_major_Final\src\test\resources
2024-08-31 11:54:41,343 [Start Help Server] INFO  org.eclipse.jetty.server.Server - jetty-12.0.9; built: 2024-05-03T13:03:17.262Z; git: efe8023327e67287f9bfd006700e6a71d45b5dd6; jvm 22.0.2+9
2024-08-31 11:54:41,410 [Start Help Server] INFO  o.e.j.server.handler.ContextHandler - Started oeje8n.ContextHandler$CoreContextHandler@6a3de50d{/help,/help,b=null,a=AVAILABLE,h=oeje8n.ContextHandler$CoreContextHandler$CoreToNestedHandler@7f2e05fe{STARTED}}
2024-08-31 11:54:41,411 [Start Help Server] INFO  o.e.j.s.DefaultSessionIdManager - Session workerName=node0
2024-08-31 11:54:41,439 [Start Help Server] INFO  o.e.jetty.server.AbstractConnector - Started ServerConnector@6e5eb852{HTTP/1.1, (http/1.1)}{127.0.0.1:52242}
2024-08-31 11:54:41,446 [Start Help Server] INFO  org.eclipse.jetty.server.Server - Started oejs.Server@6fea9f34{STARTING}[12.0.9,sto=0] @510056ms
2024-08-31 11:55:22,392 [Worker-19: Building] INFO  o.a.m.s.f.DefaultMavenResourcesFiltering - Copying 1 resource from src\main\resources to target\classes
2024-08-31 11:55:22,404 [Worker-19: Building] INFO  o.a.m.s.f.DefaultMavenResourcesFiltering - Copying 0 resource from src\main\resources to target\classes
2024-08-31 11:55:22,408 [Worker-19: Building] INFO  o.a.m.s.f.DefaultMavenResourcesFiltering - skip non existing resourceDirectory C:\Users\user\Ecommerce_sytem_workspace\ecommerce_sys_Capstone_major_Final\src\test\resources
2024-08-31 11:57:48,132 [Worker-18: Building] INFO  o.a.m.s.f.DefaultMavenResourcesFiltering - Copying 1 resource from src\main\resources to target\classes
2024-08-31 11:57:48,141 [Worker-18: Building] INFO  o.a.m.s.f.DefaultMavenResourcesFiltering - Copying 0 resource from src\main\resources to target\classes
2024-08-31 11:57:48,145 [Worker-18: Building] INFO  o.a.m.s.f.DefaultMavenResourcesFiltering - skip non existing resourceDirectory C:\Users\user\Ecommerce_sytem_workspace\ecommerce_sys_Capstone_major_Final\src\test\resources
2024-08-31 11:58:32,826 [Worker-18: Building] INFO  o.a.m.s.f.DefaultMavenResourcesFiltering - Copying 1 resource from src\main\resources to target\classes
2024-08-31 11:58:32,835 [Worker-18: Building] INFO  o.a.m.s.f.DefaultMavenResourcesFiltering - Copying 0 resource from src\main\resources to target\classes
2024-08-31 11:58:32,839 [Worker-18: Building] INFO  o.a.m.s.f.DefaultMavenResourcesFiltering - skip non existing resourceDirectory C:\Users\user\Ecommerce_sytem_workspace\ecommerce_sys_Capstone_major_Final\src\test\resources
2024-08-31 11:59:23,336 [Worker-7: Building] INFO  o.a.m.s.f.DefaultMavenResourcesFiltering - Copying 1 resource from src\main\resources to target\classes
2024-08-31 11:59:23,348 [Worker-7: Building] INFO  o.a.m.s.f.DefaultMavenResourcesFiltering - Copying 0 resource from src\main\resources to target\classes
2024-08-31 11:59:23,353 [Worker-7: Building] INFO  o.a.m.s.f.DefaultMavenResourcesFiltering - skip non existing resourceDirectory C:\Users\user\Ecommerce_sytem_workspace\ecommerce_sys_Capstone_major_Final\src\test\resources
2024-08-31 11:59:56,143 [Worker-19: Building] INFO  o.a.m.s.f.DefaultMavenResourcesFiltering - Copying 1 resource from src\main\resources to target\classes
2024-08-31 11:59:56,150 [Worker-19: Building] INFO  o.a.m.s.f.DefaultMavenResourcesFiltering - Copying 0 resource from src\main\resources to target\classes
2024-08-31 11:59:56,155 [Worker-19: Building] INFO  o.a.m.s.f.DefaultMavenResourcesFiltering - skip non existing resourceDirectory C:\Users\user\Ecommerce_sytem_workspace\ecommerce_sys_Capstone_major_Final\src\test\resources
2024-08-31 12:00:21,306 [Worker-18: Building] INFO  o.a.m.s.f.DefaultMavenResourcesFiltering - Copying 1 resource from src\main\resources to target\classes
2024-08-31 12:00:21,317 [Worker-18: Building] INFO  o.a.m.s.f.DefaultMavenResourcesFiltering - Copying 0 resource from src\main\resources to target\classes
2024-08-31 12:00:21,325 [Worker-18: Building] INFO  o.a.m.s.f.DefaultMavenResourcesFiltering - skip non existing resourceDirectory C:\Users\user\Ecommerce_sytem_workspace\ecommerce_sys_Capstone_major_Final\src\test\resources
2024-08-31 12:04:31,908 [Worker-19: Building] INFO  o.a.m.s.f.DefaultMavenResourcesFiltering - Copying 1 resource from src\main\resources to target\classes
2024-08-31 12:04:31,915 [Worker-19: Building] INFO  o.a.m.s.f.DefaultMavenResourcesFiltering - Copying 0 resource from src\main\resources to target\classes
2024-08-31 12:04:31,920 [Worker-19: Building] INFO  o.a.m.s.f.DefaultMavenResourcesFiltering - skip non existing resourceDirectory C:\Users\user\Ecommerce_sytem_workspace\ecommerce_sys_Capstone_major_Final\src\test\resources
2024-08-31 12:06:36,145 [Worker-18: Building] INFO  o.a.m.s.f.DefaultMavenResourcesFiltering - Copying 1 resource from src\main\resources to target\classes
2024-08-31 12:06:36,155 [Worker-18: Building] INFO  o.a.m.s.f.DefaultMavenResourcesFiltering - Copying 0 resource from src\main\resources to target\classes
2024-08-31 12:06:36,161 [Worker-18: Building] INFO  o.a.m.s.f.DefaultMavenResourcesFiltering - skip non existing resourceDirectory C:\Users\user\Ecommerce_sytem_workspace\ecommerce_sys_Capstone_major_Final\src\test\resources
2024-08-31 12:06:58,180 [Worker-18: Building] INFO  o.a.m.s.f.DefaultMavenResourcesFiltering - Copying 1 resource from src\main\resources to target\classes
2024-08-31 12:06:58,188 [Worker-18: Building] INFO  o.a.m.s.f.DefaultMavenResourcesFiltering - Copying 0 resource from src\main\resources to target\classes
2024-08-31 12:06:58,192 [Worker-18: Building] INFO  o.a.m.s.f.DefaultMavenResourcesFiltering - skip non existing resourceDirectory C:\Users\user\Ecommerce_sytem_workspace\ecommerce_sys_Capstone_major_Final\src\test\resources
2024-08-31 12:07:30,018 [Worker-12: Building] INFO  o.a.m.s.f.DefaultMavenResourcesFiltering - Copying 1 resource from src\main\resources to target\classes
2024-08-31 12:07:30,023 [Worker-12: Building] INFO  o.a.m.s.f.DefaultMavenResourcesFiltering - Copying 0 resource from src\main\resources to target\classes
2024-08-31 12:07:30,027 [Worker-12: Building] INFO  o.a.m.s.f.DefaultMavenResourcesFiltering - skip non existing resourceDirectory C:\Users\user\Ecommerce_sytem_workspace\ecommerce_sys_Capstone_major_Final\src\test\resources
2024-08-31 12:08:47,734 [Worker-19: Building] INFO  o.a.m.s.f.DefaultMavenResourcesFiltering - Copying 1 resource from src\main\resources to target\classes
2024-08-31 12:08:47,745 [Worker-19: Building] INFO  o.a.m.s.f.DefaultMavenResourcesFiltering - Copying 0 resource from src\main\resources to target\classes
2024-08-31 12:08:47,750 [Worker-19: Building] INFO  o.a.m.s.f.DefaultMavenResourcesFiltering - skip non existing resourceDirectory C:\Users\user\Ecommerce_sytem_workspace\ecommerce_sys_Capstone_major_Final\src\test\resources
2024-08-31 12:10:15,933 [Worker-19: Building] INFO  o.a.m.s.f.DefaultMavenResourcesFiltering - Copying 1 resource from src\main\resources to target\classes
2024-08-31 12:10:15,940 [Worker-19: Building] INFO  o.a.m.s.f.DefaultMavenResourcesFiltering - Copying 0 resource from src\main\resources to target\classes
2024-08-31 12:10:15,944 [Worker-19: Building] INFO  o.a.m.s.f.DefaultMavenResourcesFiltering - skip non existing resourceDirectory C:\Users\user\Ecommerce_sytem_workspace\ecommerce_sys_Capstone_major_Final\src\test\resources
2024-08-31 12:11:48,102 [Worker-12: Building] INFO  o.a.m.s.f.DefaultMavenResourcesFiltering - Copying 1 resource from src\main\resources to target\classes
2024-08-31 12:11:48,108 [Worker-12: Building] INFO  o.a.m.s.f.DefaultMavenResourcesFiltering - Copying 0 resource from src\main\resources to target\classes
2024-08-31 12:11:48,112 [Worker-12: Building] INFO  o.a.m.s.f.DefaultMavenResourcesFiltering - skip non existing resourceDirectory C:\Users\user\Ecommerce_sytem_workspace\ecommerce_sys_Capstone_major_Final\src\test\resources
2024-08-31 12:14:51,834 [Worker-23: Building] INFO  o.a.m.s.f.DefaultMavenResourcesFiltering - Copying 1 resource from src\main\resources to target\classes
2024-08-31 12:14:51,842 [Worker-23: Building] INFO  o.a.m.s.f.DefaultMavenResourcesFiltering - Copying 0 resource from src\main\resources to target\classes
2024-08-31 12:14:51,846 [Worker-23: Building] INFO  o.a.m.s.f.DefaultMavenResourcesFiltering - skip non existing resourceDirectory C:\Users\user\Ecommerce_sytem_workspace\ecommerce_sys_Capstone_major_Final\src\test\resources
2024-08-31 12:15:57,789 [Worker-25: Building] INFO  o.a.m.s.f.DefaultMavenResourcesFiltering - Copying 1 resource from src\main\resources to target\classes
2024-08-31 12:15:57,796 [Worker-25: Building] INFO  o.a.m.s.f.DefaultMavenResourcesFiltering - Copying 0 resource from src\main\resources to target\classes
2024-08-31 12:15:57,799 [Worker-25: Building] INFO  o.a.m.s.f.DefaultMavenResourcesFiltering - skip non existing resourceDirectory C:\Users\user\Ecommerce_sytem_workspace\ecommerce_sys_Capstone_major_Final\src\test\resources
2024-08-31 12:17:35,235 [Worker-18: Building] INFO  o.a.m.s.f.DefaultMavenResourcesFiltering - Copying 1 resource from src\main\resources to target\classes
2024-08-31 12:17:35,243 [Worker-18: Building] INFO  o.a.m.s.f.DefaultMavenResourcesFiltering - Copying 0 resource from src\main\resources to target\classes
2024-08-31 12:17:35,247 [Worker-18: Building] INFO  o.a.m.s.f.DefaultMavenResourcesFiltering - skip non existing resourceDirectory C:\Users\user\Ecommerce_sytem_workspace\ecommerce_sys_Capstone_major_Final\src\test\resources
2024-08-31 12:17:42,533 [Worker-23: Building] INFO  o.a.m.s.f.DefaultMavenResourcesFiltering - Copying 1 resource from src\main\resources to target\classes
2024-08-31 12:17:42,540 [Worker-23: Building] INFO  o.a.m.s.f.DefaultMavenResourcesFiltering - Copying 0 resource from src\main\resources to target\classes
2024-08-31 12:17:42,542 [Worker-23: Building] INFO  o.a.m.s.f.DefaultMavenResourcesFiltering - skip non existing resourceDirectory C:\Users\user\Ecommerce_sytem_workspace\ecommerce_sys_Capstone_major_Final\src\test\resources
2024-08-31 12:18:01,756 [Worker-24: Building] INFO  o.a.m.s.f.DefaultMavenResourcesFiltering - Copying 1 resource from src\main\resources to target\classes
2024-08-31 12:18:01,763 [Worker-24: Building] INFO  o.a.m.s.f.DefaultMavenResourcesFiltering - Copying 0 resource from src\main\resources to target\classes
2024-08-31 12:18:01,767 [Worker-24: Building] INFO  o.a.m.s.f.DefaultMavenResourcesFiltering - skip non existing resourceDirectory C:\Users\user\Ecommerce_sytem_workspace\ecommerce_sys_Capstone_major_Final\src\test\resources
2024-08-31 12:18:29,471 [Worker-12: Building] INFO  o.a.m.s.f.DefaultMavenResourcesFiltering - Copying 1 resource from src\main\resources to target\classes
2024-08-31 12:18:29,478 [Worker-12: Building] INFO  o.a.m.s.f.DefaultMavenResourcesFiltering - Copying 0 resource from src\main\resources to target\classes
2024-08-31 12:18:29,481 [Worker-12: Building] INFO  o.a.m.s.f.DefaultMavenResourcesFiltering - skip non existing resourceDirectory C:\Users\user\Ecommerce_sytem_workspace\ecommerce_sys_Capstone_major_Final\src\test\resources
2024-08-31 12:19:05,590 [Worker-24: Building] INFO  o.a.m.s.f.DefaultMavenResourcesFiltering - Copying 1 resource from src\main\resources to target\classes
2024-08-31 12:19:05,596 [Worker-24: Building] INFO  o.a.m.s.f.DefaultMavenResourcesFiltering - Copying 0 resource from src\main\resources to target\classes
2024-08-31 12:19:05,600 [Worker-24: Building] INFO  o.a.m.s.f.DefaultMavenResourcesFiltering - skip non existing resourceDirectory C:\Users\user\Ecommerce_sytem_workspace\ecommerce_sys_Capstone_major_Final\src\test\resources
2024-08-31 12:19:44,015 [Worker-24: Building] INFO  o.a.m.s.f.DefaultMavenResourcesFiltering - Copying 1 resource from src\main\resources to target\classes
2024-08-31 12:19:44,025 [Worker-24: Building] INFO  o.a.m.s.f.DefaultMavenResourcesFiltering - Copying 0 resource from src\main\resources to target\classes
2024-08-31 12:19:44,028 [Worker-24: Building] INFO  o.a.m.s.f.DefaultMavenResourcesFiltering - skip non existing resourceDirectory C:\Users\user\Ecommerce_sytem_workspace\ecommerce_sys_Capstone_major_Final\src\test\resources
2024-08-31 12:20:44,949 [Worker-12: Building] INFO  o.a.m.s.f.DefaultMavenResourcesFiltering - Copying 1 resource from src\main\resources to target\classes
2024-08-31 12:20:44,958 [Worker-12: Building] INFO  o.a.m.s.f.DefaultMavenResourcesFiltering - Copying 0 resource from src\main\resources to target\classes
2024-08-31 12:20:44,963 [Worker-12: Building] INFO  o.a.m.s.f.DefaultMavenResourcesFiltering - skip non existing resourceDirectory C:\Users\user\Ecommerce_sytem_workspace\ecommerce_sys_Capstone_major_Final\src\test\resources
2024-08-31 12:21:27,967 [Worker-24: Building] INFO  o.a.m.s.f.DefaultMavenResourcesFiltering - Copying 1 resource from src\main\resources to target\classes
2024-08-31 12:21:27,977 [Worker-24: Building] INFO  o.a.m.s.f.DefaultMavenResourcesFiltering - Copying 0 resource from src\main\resources to target\classes
2024-08-31 12:21:27,979 [Worker-24: Building] INFO  o.a.m.s.f.DefaultMavenResourcesFiltering - skip non existing resourceDirectory C:\Users\user\Ecommerce_sytem_workspace\ecommerce_sys_Capstone_major_Final\src\test\resources
2024-08-31 12:22:11,270 [Worker-24: Building] INFO  o.a.m.s.f.DefaultMavenResourcesFiltering - Copying 1 resource from src\main\resources to target\classes
2024-08-31 12:22:11,280 [Worker-24: Building] INFO  o.a.m.s.f.DefaultMavenResourcesFiltering - Copying 0 resource from src\main\resources to target\classes
2024-08-31 12:22:11,285 [Worker-24: Building] INFO  o.a.m.s.f.DefaultMavenResourcesFiltering - skip non existing resourceDirectory C:\Users\user\Ecommerce_sytem_workspace\ecommerce_sys_Capstone_major_Final\src\test\resources
2024-08-31 12:23:04,976 [Worker-12: Building] INFO  o.a.m.s.f.DefaultMavenResourcesFiltering - Copying 1 resource from src\main\resources to target\classes
2024-08-31 12:23:04,984 [Worker-12: Building] INFO  o.a.m.s.f.DefaultMavenResourcesFiltering - Copying 0 resource from src\main\resources to target\classes
2024-08-31 12:23:04,988 [Worker-12: Building] INFO  o.a.m.s.f.DefaultMavenResourcesFiltering - skip non existing resourceDirectory C:\Users\user\Ecommerce_sytem_workspace\ecommerce_sys_Capstone_major_Final\src\test\resources
2024-08-31 12:24:29,546 [Worker-18: Building] INFO  o.a.m.s.f.DefaultMavenResourcesFiltering - Copying 1 resource from src\main\resources to target\classes
2024-08-31 12:24:29,586 [Worker-18: Building] INFO  o.a.m.s.f.DefaultMavenResourcesFiltering - Copying 0 resource from src\main\resources to target\classes
2024-08-31 12:24:29,592 [Worker-18: Building] INFO  o.a.m.s.f.DefaultMavenResourcesFiltering - skip non existing resourceDirectory C:\Users\user\Ecommerce_sytem_workspace\ecommerce_sys_Capstone_major_Final\src\test\resources
2024-08-31 12:24:57,858 [Worker-23: Building] INFO  o.a.m.s.f.DefaultMavenResourcesFiltering - Copying 1 resource from src\main\resources to target\classes
2024-08-31 12:24:57,865 [Worker-23: Building] INFO  o.a.m.s.f.DefaultMavenResourcesFiltering - Copying 0 resource from src\main\resources to target\classes
2024-08-31 12:24:57,869 [Worker-23: Building] INFO  o.a.m.s.f.DefaultMavenResourcesFiltering - skip non existing resourceDirectory C:\Users\user\Ecommerce_sytem_workspace\ecommerce_sys_Capstone_major_Final\src\test\resources
2024-08-31 12:25:22,468 [Worker-24: Building] INFO  o.a.m.s.f.DefaultMavenResourcesFiltering - Copying 1 resource from src\main\resources to target\classes
2024-08-31 12:25:22,475 [Worker-24: Building] INFO  o.a.m.s.f.DefaultMavenResourcesFiltering - Copying 0 resource from src\main\resources to target\classes
2024-08-31 12:25:22,478 [Worker-24: Building] INFO  o.a.m.s.f.DefaultMavenResourcesFiltering - skip non existing resourceDirectory C:\Users\user\Ecommerce_sytem_workspace\ecommerce_sys_Capstone_major_Final\src\test\resources
2024-08-31 12:25:46,646 [Worker-12: Building] INFO  o.a.m.s.f.DefaultMavenResourcesFiltering - Copying 1 resource from src\main\resources to target\classes
2024-08-31 12:25:46,652 [Worker-12: Building] INFO  o.a.m.s.f.DefaultMavenResourcesFiltering - Copying 0 resource from src\main\resources to target\classes
2024-08-31 12:25:46,654 [Worker-12: Building] INFO  o.a.m.s.f.DefaultMavenResourcesFiltering - skip non existing resourceDirectory C:\Users\user\Ecommerce_sytem_workspace\ecommerce_sys_Capstone_major_Final\src\test\resources
2024-08-31 12:26:13,276 [Worker-25: Building] INFO  o.a.m.s.f.DefaultMavenResourcesFiltering - Copying 1 resource from src\main\resources to target\classes
2024-08-31 12:26:13,281 [Worker-25: Building] INFO  o.a.m.s.f.DefaultMavenResourcesFiltering - Copying 0 resource from src\main\resources to target\classes
2024-08-31 12:26:13,284 [Worker-25: Building] INFO  o.a.m.s.f.DefaultMavenResourcesFiltering - skip non existing resourceDirectory C:\Users\user\Ecommerce_sytem_workspace\ecommerce_sys_Capstone_major_Final\src\test\resources
2024-08-31 12:26:56,547 [Worker-25: Building] INFO  o.a.m.s.f.DefaultMavenResourcesFiltering - Copying 1 resource from src\main\resources to target\classes
2024-08-31 12:26:56,554 [Worker-25: Building] INFO  o.a.m.s.f.DefaultMavenResourcesFiltering - Copying 0 resource from src\main\resources to target\classes
2024-08-31 12:26:56,557 [Worker-25: Building] INFO  o.a.m.s.f.DefaultMavenResourcesFiltering - skip non existing resourceDirectory C:\Users\user\Ecommerce_sytem_workspace\ecommerce_sys_Capstone_major_Final\src\test\resources
2024-08-31 12:28:00,670 [Worker-24: Building] INFO  o.a.m.s.f.DefaultMavenResourcesFiltering - Copying 1 resource from src\main\resources to target\classes
2024-08-31 12:28:00,676 [Worker-24: Building] INFO  o.a.m.s.f.DefaultMavenResourcesFiltering - Copying 0 resource from src\main\resources to target\classes
2024-08-31 12:28:00,678 [Worker-24: Building] INFO  o.a.m.s.f.DefaultMavenResourcesFiltering - skip non existing resourceDirectory C:\Users\user\Ecommerce_sytem_workspace\ecommerce_sys_Capstone_major_Final\src\test\resources
2024-08-31 12:29:38,956 [Worker-25: Building] INFO  o.a.m.s.f.DefaultMavenResourcesFiltering - Copying 1 resource from src\main\resources to target\classes
2024-08-31 12:29:38,978 [Worker-25: Building] INFO  o.a.m.s.f.DefaultMavenResourcesFiltering - Copying 0 resource from src\main\resources to target\classes
2024-08-31 12:29:38,985 [Worker-25: Building] INFO  o.a.m.s.f.DefaultMavenResourcesFiltering - skip non existing resourceDirectory C:\Users\user\Ecommerce_sytem_workspace\ecommerce_sys_Capstone_major_Final\src\test\resources
2024-08-31 12:30:36,810 [Worker-12: Building] INFO  o.a.m.s.f.DefaultMavenResourcesFiltering - Copying 1 resource from src\main\resources to target\classes
2024-08-31 12:30:36,819 [Worker-12: Building] INFO  o.a.m.s.f.DefaultMavenResourcesFiltering - Copying 0 resource from src\main\resources to target\classes
2024-08-31 12:30:36,822 [Worker-12: Building] INFO  o.a.m.s.f.DefaultMavenResourcesFiltering - skip non existing resourceDirectory C:\Users\user\Ecommerce_sytem_workspace\ecommerce_sys_Capstone_major_Final\src\test\resources
2024-08-31 12:31:11,198 [Worker-18: Building] INFO  o.a.m.s.f.DefaultMavenResourcesFiltering - Copying 1 resource from src\main\resources to target\classes
2024-08-31 12:31:11,205 [Worker-18: Building] INFO  o.a.m.s.f.DefaultMavenResourcesFiltering - Copying 0 resource from src\main\resources to target\classes
2024-08-31 12:31:11,209 [Worker-18: Building] INFO  o.a.m.s.f.DefaultMavenResourcesFiltering - skip non existing resourceDirectory C:\Users\user\Ecommerce_sytem_workspace\ecommerce_sys_Capstone_major_Final\src\test\resources
2024-08-31 12:31:33,989 [Worker-12: Building] INFO  o.a.m.s.f.DefaultMavenResourcesFiltering - Copying 1 resource from src\main\resources to target\classes
2024-08-31 12:31:33,995 [Worker-12: Building] INFO  o.a.m.s.f.DefaultMavenResourcesFiltering - Copying 0 resource from src\main\resources to target\classes
2024-08-31 12:31:33,998 [Worker-12: Building] INFO  o.a.m.s.f.DefaultMavenResourcesFiltering - skip non existing resourceDirectory C:\Users\user\Ecommerce_sytem_workspace\ecommerce_sys_Capstone_major_Final\src\test\resources
2024-08-31 12:32:00,497 [Worker-24: Building] INFO  o.a.m.s.f.DefaultMavenResourcesFiltering - Copying 1 resource from src\main\resources to target\classes
2024-08-31 12:32:00,504 [Worker-24: Building] INFO  o.a.m.s.f.DefaultMavenResourcesFiltering - Copying 0 resource from src\main\resources to target\classes
2024-08-31 12:32:00,508 [Worker-24: Building] INFO  o.a.m.s.f.DefaultMavenResourcesFiltering - skip non existing resourceDirectory C:\Users\user\Ecommerce_sytem_workspace\ecommerce_sys_Capstone_major_Final\src\test\resources
2024-08-31 12:50:37,215 [Stop Help Server] INFO  org.eclipse.jetty.server.Server - Stopped oejs.Server@6fea9f34{STOPPING}[12.0.9,sto=0]
2024-08-31 12:50:37,219 [Stop Help Server] INFO  o.e.jetty.server.AbstractConnector - Stopped ServerConnector@6e5eb852{HTTP/1.1, (http/1.1)}{127.0.0.1:0}
2024-08-31 12:50:48,350 [Worker-3: Loading available Gradle versions] INFO  o.e.b.c.i.u.g.PublishedGradleVersions - Gradle version information cache is up-to-date. Trying to read.
2024-08-31 12:58:59,572 [Worker-21: Building] INFO  o.a.m.s.f.DefaultMavenResourcesFiltering - Copying 1 resource from src\main\resources to target\classes
2024-08-31 12:58:59,599 [Worker-21: Building] INFO  o.a.m.s.f.DefaultMavenResourcesFiltering - Copying 0 resource from src\main\resources to target\classes
2024-08-31 12:58:59,606 [Worker-21: Building] INFO  o.a.m.s.f.DefaultMavenResourcesFiltering - skip non existing resourceDirectory C:\Users\user\Ecommerce_sytem_workspace\ecommerce_sys_Capstone_major_Final\src\test\resources
2024-08-31 13:04:07,471 [Worker-8: Building] INFO  o.a.m.s.f.DefaultMavenResourcesFiltering - Copying 1 resource from src\main\resources to target\classes
2024-08-31 13:04:07,479 [Worker-8: Building] INFO  o.a.m.s.f.DefaultMavenResourcesFiltering - Copying 0 resource from src\main\resources to target\classes
2024-08-31 13:04:07,483 [Worker-8: Building] INFO  o.a.m.s.f.DefaultMavenResourcesFiltering - skip non existing resourceDirectory C:\Users\user\Ecommerce_sytem_workspace\ecommerce_sys_Capstone_major_Final\src\test\resources
2024-08-31 13:04:23,448 [Worker-24: Building] INFO  o.a.m.s.f.DefaultMavenResourcesFiltering - Copying 1 resource from src\main\resources to target\classes
2024-08-31 13:04:23,457 [Worker-24: Building] INFO  o.a.m.s.f.DefaultMavenResourcesFiltering - Copying 0 resource from src\main\resources to target\classes
2024-08-31 13:04:23,462 [Worker-24: Building] INFO  o.a.m.s.f.DefaultMavenResourcesFiltering - skip non existing resourceDirectory C:\Users\user\Ecommerce_sytem_workspace\ecommerce_sys_Capstone_major_Final\src\test\resources
2024-08-31 13:04:43,228 [Worker-8: Building] INFO  o.a.m.s.f.DefaultMavenResourcesFiltering - Copying 1 resource from src\main\resources to target\classes
2024-08-31 13:04:43,243 [Worker-8: Building] INFO  o.a.m.s.f.DefaultMavenResourcesFiltering - Copying 0 resource from src\main\resources to target\classes
2024-08-31 13:04:43,248 [Worker-8: Building] INFO  o.a.m.s.f.DefaultMavenResourcesFiltering - skip non existing resourceDirectory C:\Users\user\Ecommerce_sytem_workspace\ecommerce_sys_Capstone_major_Final\src\test\resources
2024-08-31 13:05:19,969 [Worker-26: Building] INFO  o.a.m.s.f.DefaultMavenResourcesFiltering - Copying 1 resource from src\main\resources to target\classes
2024-08-31 13:05:19,980 [Worker-26: Building] INFO  o.a.m.s.f.DefaultMavenResourcesFiltering - Copying 0 resource from src\main\resources to target\classes
2024-08-31 13:05:19,986 [Worker-26: Building] INFO  o.a.m.s.f.DefaultMavenResourcesFiltering - skip non existing resourceDirectory C:\Users\user\Ecommerce_sytem_workspace\ecommerce_sys_Capstone_major_Final\src\test\resources
2024-08-31 13:05:50,867 [Worker-27: Building] INFO  o.a.m.s.f.DefaultMavenResourcesFiltering - Copying 1 resource from src\main\resources to target\classes
2024-08-31 13:05:50,874 [Worker-27: Building] INFO  o.a.m.s.f.DefaultMavenResourcesFiltering - Copying 0 resource from src\main\resources to target\classes
2024-08-31 13:05:50,876 [Worker-27: Building] INFO  o.a.m.s.f.DefaultMavenResourcesFiltering - skip non existing resourceDirectory C:\Users\user\Ecommerce_sytem_workspace\ecommerce_sys_Capstone_major_Final\src\test\resources
2024-08-31 13:06:21,198 [Worker-24: Building] INFO  o.a.m.s.f.DefaultMavenResourcesFiltering - Copying 1 resource from src\main\resources to target\classes
2024-08-31 13:06:21,206 [Worker-24: Building] INFO  o.a.m.s.f.DefaultMavenResourcesFiltering - Copying 0 resource from src\main\resources to target\classes
2024-08-31 13:06:21,211 [Worker-24: Building] INFO  o.a.m.s.f.DefaultMavenResourcesFiltering - skip non existing resourceDirectory C:\Users\user\Ecommerce_sytem_workspace\ecommerce_sys_Capstone_major_Final\src\test\resources
2024-08-31 13:06:34,617 [Worker-23: Building] INFO  o.a.m.s.f.DefaultMavenResourcesFiltering - Copying 1 resource from src\main\resources to target\classes
2024-08-31 13:06:34,623 [Worker-23: Building] INFO  o.a.m.s.f.DefaultMavenResourcesFiltering - Copying 0 resource from src\main\resources to target\classes
2024-08-31 13:06:34,627 [Worker-23: Building] INFO  o.a.m.s.f.DefaultMavenResourcesFiltering - skip non existing resourceDirectory C:\Users\user\Ecommerce_sytem_workspace\ecommerce_sys_Capstone_major_Final\src\test\resources
2024-08-31 13:07:05,858 [Worker-8: Building] INFO  o.a.m.s.f.DefaultMavenResourcesFiltering - Copying 1 resource from src\main\resources to target\classes
2024-08-31 13:07:05,867 [Worker-8: Building] INFO  o.a.m.s.f.DefaultMavenResourcesFiltering - Copying 0 resource from src\main\resources to target\classes
2024-08-31 13:07:05,874 [Worker-8: Building] INFO  o.a.m.s.f.DefaultMavenResourcesFiltering - skip non existing resourceDirectory C:\Users\user\Ecommerce_sytem_workspace\ecommerce_sys_Capstone_major_Final\src\test\resources
2024-08-31 13:08:51,389 [Worker-25: Building] INFO  o.a.m.s.f.DefaultMavenResourcesFiltering - Copying 1 resource from src\main\resources to target\classes
2024-08-31 13:08:51,397 [Worker-25: Building] INFO  o.a.m.s.f.DefaultMavenResourcesFiltering - Copying 0 resource from src\main\resources to target\classes
2024-08-31 13:08:51,401 [Worker-25: Building] INFO  o.a.m.s.f.DefaultMavenResourcesFiltering - skip non existing resourceDirectory C:\Users\user\Ecommerce_sytem_workspace\ecommerce_sys_Capstone_major_Final\src\test\resources
2024-08-31 13:09:06,316 [Start Help Server] INFO  org.eclipse.jetty.server.Server - jetty-12.0.9; built: 2024-05-03T13:03:17.262Z; git: efe8023327e67287f9bfd006700e6a71d45b5dd6; jvm 22.0.2+9
2024-08-31 13:09:06,385 [Start Help Server] INFO  o.e.j.server.handler.ContextHandler - Started oeje8n.ContextHandler$CoreContextHandler@7066158c{/help,/help,b=null,a=AVAILABLE,h=oeje8n.ContextHandler$CoreContextHandler$CoreToNestedHandler@15cfc774{STARTED}}
2024-08-31 13:09:06,386 [Start Help Server] INFO  o.e.j.s.DefaultSessionIdManager - Session workerName=node0
2024-08-31 13:09:06,416 [Start Help Server] INFO  o.e.jetty.server.AbstractConnector - Started ServerConnector@40a2cd44{HTTP/1.1, (http/1.1)}{127.0.0.1:61402}
2024-08-31 13:09:06,440 [Start Help Server] INFO  org.eclipse.jetty.server.Server - Started oejs.Server@1a1c6ed0{STARTING}[12.0.9,sto=0] @1108238ms
2024-08-31 13:09:57,650 [Worker-24: Building] INFO  o.a.m.s.f.DefaultMavenResourcesFiltering - Copying 1 resource from src\main\resources to target\classes
2024-08-31 13:09:57,656 [Worker-24: Building] INFO  o.a.m.s.f.DefaultMavenResourcesFiltering - Copying 0 resource from src\main\resources to target\classes
2024-08-31 13:09:57,659 [Worker-24: Building] INFO  o.a.m.s.f.DefaultMavenResourcesFiltering - skip non existing resourceDirectory C:\Users\user\Ecommerce_sytem_workspace\ecommerce_sys_Capstone_major_Final\src\test\resources
2024-08-31 13:10:04,389 [Worker-26: Building] INFO  o.a.m.s.f.DefaultMavenResourcesFiltering - Copying 1 resource from src\main\resources to target\classes
2024-08-31 13:10:04,397 [Worker-26: Building] INFO  o.a.m.s.f.DefaultMavenResourcesFiltering - Copying 0 resource from src\main\resources to target\classes
2024-08-31 13:10:04,400 [Worker-26: Building] INFO  o.a.m.s.f.DefaultMavenResourcesFiltering - skip non existing resourceDirectory C:\Users\user\Ecommerce_sytem_workspace\ecommerce_sys_Capstone_major_Final\src\test\resources
2024-08-31 13:10:11,375 [Worker-8: Building] INFO  o.a.m.s.f.DefaultMavenResourcesFiltering - Copying 1 resource from src\main\resources to target\classes
2024-08-31 13:10:11,381 [Worker-8: Building] INFO  o.a.m.s.f.DefaultMavenResourcesFiltering - Copying 0 resource from src\main\resources to target\classes
2024-08-31 13:10:11,385 [Worker-8: Building] INFO  o.a.m.s.f.DefaultMavenResourcesFiltering - skip non existing resourceDirectory C:\Users\user\Ecommerce_sytem_workspace\ecommerce_sys_Capstone_major_Final\src\test\resources
2024-08-31 13:13:40,584 [Worker-24: Building] INFO  o.a.m.s.f.DefaultMavenResourcesFiltering - Copying 1 resource from src\main\resources to target\classes
2024-08-31 13:13:40,591 [Worker-24: Building] INFO  o.a.m.s.f.DefaultMavenResourcesFiltering - Copying 0 resource from src\main\resources to target\classes
2024-08-31 13:13:40,595 [Worker-24: Building] INFO  o.a.m.s.f.DefaultMavenResourcesFiltering - skip non existing resourceDirectory C:\Users\user\Ecommerce_sytem_workspace\ecommerce_sys_Capstone_major_Final\src\test\resources
2024-08-31 13:14:58,637 [Worker-8: Building] INFO  o.a.m.s.f.DefaultMavenResourcesFiltering - Copying 1 resource from src\main\resources to target\classes
2024-08-31 13:14:58,642 [Worker-8: Building] INFO  o.a.m.s.f.DefaultMavenResourcesFiltering - Copying 0 resource from src\main\resources to target\classes
2024-08-31 13:14:58,645 [Worker-8: Building] INFO  o.a.m.s.f.DefaultMavenResourcesFiltering - skip non existing resourceDirectory C:\Users\user\Ecommerce_sytem_workspace\ecommerce_sys_Capstone_major_Final\src\test\resources
2024-08-31 13:15:08,567 [Worker-27: Building] INFO  o.a.m.s.f.DefaultMavenResourcesFiltering - Copying 1 resource from src\main\resources to target\classes
2024-08-31 13:15:08,573 [Worker-27: Building] INFO  o.a.m.s.f.DefaultMavenResourcesFiltering - Copying 0 resource from src\main\resources to target\classes
2024-08-31 13:15:08,576 [Worker-27: Building] INFO  o.a.m.s.f.DefaultMavenResourcesFiltering - skip non existing resourceDirectory C:\Users\user\Ecommerce_sytem_workspace\ecommerce_sys_Capstone_major_Final\src\test\resources
2024-08-31 13:15:16,561 [Worker-26: Building] INFO  o.a.m.s.f.DefaultMavenResourcesFiltering - Copying 1 resource from src\main\resources to target\classes
2024-08-31 13:15:16,567 [Worker-26: Building] INFO  o.a.m.s.f.DefaultMavenResourcesFiltering - Copying 0 resource from src\main\resources to target\classes
2024-08-31 13:15:16,571 [Worker-26: Building] INFO  o.a.m.s.f.DefaultMavenResourcesFiltering - skip non existing resourceDirectory C:\Users\user\Ecommerce_sytem_workspace\ecommerce_sys_Capstone_major_Final\src\test\resources
2024-08-31 15:31:17,654 [Worker-44: Building] INFO  o.a.m.s.f.DefaultMavenResourcesFiltering - Copying 1 resource from src\main\resources to target\classes
2024-08-31 15:31:17,717 [Worker-44: Building] INFO  o.a.m.s.f.DefaultMavenResourcesFiltering - Copying 0 resource from src\main\resources to target\classes
2024-08-31 15:31:17,720 [Worker-44: Building] INFO  o.a.m.s.f.DefaultMavenResourcesFiltering - skip non existing resourceDirectory C:\Users\user\Ecommerce_sytem_workspace\ecommerce_sys_Capstone_major_Final\src\test\resources
2024-08-31 19:53:56,943 [Worker-2: Loading available Gradle versions] INFO  o.e.b.c.i.u.g.PublishedGradleVersions - Gradle version information cache is out-of-date. Trying to update.
2024-08-31 20:07:09,109 [Worker-28: Building] INFO  o.e.m.c.i.l.LifecycleMappingFactory - Using org.eclipse.m2e.jdt.JarLifecycleMapping lifecycle mapping for MavenProject: com.demo:eurekaClient1:0.0.1-SNAPSHOT @ C:\Users\user\Ecommerce_sytem_workspace\ecommerce_sys_Capstone_major_Final\pom.xml.
2024-08-31 20:07:18,125 [Worker-28: Building] INFO  o.a.m.s.f.DefaultMavenResourcesFiltering - Copying 1 resource from src\main\resources to target\classes
2024-08-31 20:07:18,152 [Worker-28: Building] INFO  o.a.m.s.f.DefaultMavenResourcesFiltering - Copying 0 resource from src\main\resources to target\classes
2024-08-31 20:07:18,157 [Worker-28: Building] INFO  o.a.m.s.f.DefaultMavenResourcesFiltering - skip non existing resourceDirectory C:\Users\user\Ecommerce_sytem_workspace\ecommerce_sys_Capstone_major_Final\src\test\resources
2024-08-31 20:08:37,596 [Worker-23: Importing Maven projects] INFO  o.e.m.c.i.l.LifecycleMappingFactory - Using org.eclipse.m2e.jdt.JarLifecycleMapping lifecycle mapping for MavenProject: com.eco:api-gateway-ecommerce:0.0.1-SNAPSHOT @ C:\Users\user\Ecommerce_sytem_workspace\api-gateway-ecommerce\pom.xml.
2024-08-31 20:08:43,178 [Worker-23: Importing Maven projects] INFO  o.e.m.j.i.AbstractJavaProjectConfigurator - Adding source folder /api-gateway-ecommerce/src/main/java
2024-08-31 20:08:43,181 [Worker-23: Importing Maven projects] INFO  o.e.m.j.i.AbstractJavaProjectConfigurator - Adding resource folder /api-gateway-ecommerce/src/main/resources
2024-08-31 20:08:43,182 [Worker-23: Importing Maven projects] INFO  o.e.m.j.i.AbstractJavaProjectConfigurator - Adding resource folder /api-gateway-ecommerce/src/main/resources
2024-08-31 20:08:43,183 [Worker-23: Importing Maven projects] INFO  o.e.m.j.i.AbstractJavaProjectConfigurator - Adding source folder /api-gateway-ecommerce/src/test/java
2024-08-31 20:08:43,184 [Worker-23: Importing Maven projects] INFO  o.e.m.j.i.AbstractJavaProjectConfigurator - Adding resource folder /api-gateway-ecommerce/src/test/resources
2024-08-31 20:08:43,959 [Worker-23: Importing Maven projects] INFO  o.e.m.c.i.p.ProjectConfigurationManager - Imported and configured 1 project(s) in 7 sec
2024-08-31 20:08:44,388 [Worker-29: Updating Maven Project] INFO  o.e.m.c.i.p.ProjectConfigurationManager - Update started
2024-08-31 20:08:45,106 [Worker-29: Updating Maven Project] INFO  o.e.m.c.i.l.LifecycleMappingFactory - Using org.eclipse.m2e.jdt.JarLifecycleMapping lifecycle mapping for MavenProject: com.eco:api-gateway-ecommerce:0.0.1-SNAPSHOT @ C:\Users\user\Ecommerce_sytem_workspace\api-gateway-ecommerce\pom.xml.
2024-08-31 20:08:47,080 [Worker-29: Updating Maven Project] INFO  o.e.m.j.i.AbstractJavaProjectConfigurator - Adding source folder /api-gateway-ecommerce/src/main/java
2024-08-31 20:08:47,081 [Worker-29: Updating Maven Project] INFO  o.e.m.j.i.AbstractJavaProjectConfigurator - Adding resource folder /api-gateway-ecommerce/src/main/resources
2024-08-31 20:08:47,082 [Worker-29: Updating Maven Project] INFO  o.e.m.j.i.AbstractJavaProjectConfigurator - Adding resource folder /api-gateway-ecommerce/src/main/resources
2024-08-31 20:08:47,082 [Worker-29: Updating Maven Project] INFO  o.e.m.j.i.AbstractJavaProjectConfigurator - Adding source folder /api-gateway-ecommerce/src/test/java
2024-08-31 20:08:47,099 [Worker-29: Updating Maven Project] INFO  o.e.m.j.i.AbstractJavaProjectConfigurator - Adding resource folder /api-gateway-ecommerce/src/test/resources
2024-08-31 20:08:47,946 [Worker-29: Updating Maven Project] INFO  o.e.m.c.i.p.ProjectConfigurationManager - Update completed for 1 poms: local refresh takes 0.00 sec, refresh facades takes 2.00 sec, update config takes 0.00 sec 
2024-08-31 20:08:48,470 [Worker-33: Building] INFO  o.a.m.s.f.DefaultMavenResourcesFiltering - Copying 1 resource from src\main\resources to target\classes
2024-08-31 20:08:48,508 [Worker-33: Building] INFO  o.a.m.s.f.DefaultMavenResourcesFiltering - Copying 0 resource from src\main\resources to target\classes
2024-08-31 20:08:48,516 [Worker-33: Building] INFO  o.a.m.s.f.DefaultMavenResourcesFiltering - skip non existing resourceDirectory C:\Users\user\Ecommerce_sytem_workspace\api-gateway-ecommerce\src\test\resources
2024-08-31 20:08:53,799 [Worker-23: Importing Maven projects] INFO  o.e.m.c.i.l.LifecycleMappingFactory - Using org.eclipse.m2e.jdt.JarLifecycleMapping lifecycle mapping for MavenProject: com.eco:eureka-server:0.0.1-SNAPSHOT @ C:\Users\user\Ecommerce_sytem_workspace\eureka-server-ecommerce\pom.xml.
2024-08-31 20:08:58,156 [Worker-23: Importing Maven projects] INFO  o.e.m.j.i.AbstractJavaProjectConfigurator - Adding source folder /eureka-server-ecommerce/src/main/java
2024-08-31 20:08:58,157 [Worker-23: Importing Maven projects] INFO  o.e.m.j.i.AbstractJavaProjectConfigurator - Adding resource folder /eureka-server-ecommerce/src/main/resources
2024-08-31 20:08:58,158 [Worker-23: Importing Maven projects] INFO  o.e.m.j.i.AbstractJavaProjectConfigurator - Adding resource folder /eureka-server-ecommerce/src/main/resources
2024-08-31 20:08:58,158 [Worker-23: Importing Maven projects] INFO  o.e.m.j.i.AbstractJavaProjectConfigurator - Adding source folder /eureka-server-ecommerce/src/test/java
2024-08-31 20:08:58,160 [Worker-23: Importing Maven projects] INFO  o.e.m.j.i.AbstractJavaProjectConfigurator - Adding resource folder /eureka-server-ecommerce/src/test/resources
2024-08-31 20:08:58,799 [Worker-23: Importing Maven projects] INFO  o.e.m.c.i.p.ProjectConfigurationManager - Imported and configured 1 project(s) in 5 sec
2024-08-31 20:08:58,978 [Worker-36: Updating Maven Project] INFO  o.e.m.c.i.p.ProjectConfigurationManager - Update started
2024-08-31 20:08:59,720 [Worker-36: Updating Maven Project] INFO  o.e.m.c.i.l.LifecycleMappingFactory - Using org.eclipse.m2e.jdt.JarLifecycleMapping lifecycle mapping for MavenProject: com.eco:eureka-server:0.0.1-SNAPSHOT @ C:\Users\user\Ecommerce_sytem_workspace\eureka-server-ecommerce\pom.xml.
2024-08-31 20:09:01,690 [Worker-36: Updating Maven Project] INFO  o.e.m.j.i.AbstractJavaProjectConfigurator - Adding source folder /eureka-server-ecommerce/src/main/java
2024-08-31 20:09:01,691 [Worker-36: Updating Maven Project] INFO  o.e.m.j.i.AbstractJavaProjectConfigurator - Adding resource folder /eureka-server-ecommerce/src/main/resources
2024-08-31 20:09:01,691 [Worker-36: Updating Maven Project] INFO  o.e.m.j.i.AbstractJavaProjectConfigurator - Adding resource folder /eureka-server-ecommerce/src/main/resources
2024-08-31 20:09:01,692 [Worker-36: Updating Maven Project] INFO  o.e.m.j.i.AbstractJavaProjectConfigurator - Adding source folder /eureka-server-ecommerce/src/test/java
2024-08-31 20:09:01,693 [Worker-36: Updating Maven Project] INFO  o.e.m.j.i.AbstractJavaProjectConfigurator - Adding resource folder /eureka-server-ecommerce/src/test/resources
2024-08-31 20:09:02,340 [Worker-36: Updating Maven Project] INFO  o.e.m.c.i.p.ProjectConfigurationManager - Update completed for 1 poms: local refresh takes 0.00 sec, refresh facades takes 2.00 sec, update config takes 0.00 sec 
2024-08-31 20:09:02,740 [Worker-32: Building] INFO  o.a.m.s.f.DefaultMavenResourcesFiltering - Copying 1 resource from src\main\resources to target\classes
2024-08-31 20:09:02,778 [Worker-32: Building] INFO  o.a.m.s.f.DefaultMavenResourcesFiltering - Copying 0 resource from src\main\resources to target\classes
2024-08-31 20:09:02,793 [Worker-32: Building] INFO  o.a.m.s.f.DefaultMavenResourcesFiltering - skip non existing resourceDirectory C:\Users\user\Ecommerce_sytem_workspace\eureka-server-ecommerce\src\test\resources
2024-08-31 20:10:36,463 [Start Help Server] INFO  org.eclipse.jetty.server.Server - jetty-12.0.9; built: 2024-05-03T13:03:17.262Z; git: efe8023327e67287f9bfd006700e6a71d45b5dd6; jvm 22.0.2+9
2024-08-31 20:10:36,544 [Start Help Server] INFO  o.e.j.server.handler.ContextHandler - Started oeje8n.ContextHandler$CoreContextHandler@6fd80d03{/help,/help,b=null,a=AVAILABLE,h=oeje8n.ContextHandler$CoreContextHandler$CoreToNestedHandler@5f602c81{STARTED}}
2024-08-31 20:10:36,545 [Start Help Server] INFO  o.e.j.s.DefaultSessionIdManager - Session workerName=node0
2024-08-31 20:10:36,581 [Start Help Server] INFO  o.e.jetty.server.AbstractConnector - Started ServerConnector@68ae7b5d{HTTP/1.1, (http/1.1)}{127.0.0.1:49819}
2024-08-31 20:10:36,671 [Start Help Server] INFO  org.eclipse.jetty.server.Server - Started oejs.Server@751864f6{STARTING}[12.0.9,sto=0] @1054246ms
2024-08-31 20:14:21,718 [Worker-37: Building] INFO  o.a.m.s.f.DefaultMavenResourcesFiltering - Copying 1 resource from src\main\resources to target\classes
2024-08-31 20:14:21,723 [Worker-37: Building] INFO  o.a.m.s.f.DefaultMavenResourcesFiltering - Copying 0 resource from src\main\resources to target\classes
2024-08-31 20:14:21,725 [Worker-37: Building] INFO  o.a.m.s.f.DefaultMavenResourcesFiltering - skip non existing resourceDirectory C:\Users\user\Ecommerce_sytem_workspace\ecommerce_sys_Capstone_major_Final\src\test\resources
2024-08-31 20:29:05,473 [Worker-42: Building] INFO  o.a.m.s.f.DefaultMavenResourcesFiltering - Copying 1 resource from src\main\resources to target\classes
2024-08-31 20:29:05,484 [Worker-42: Building] INFO  o.a.m.s.f.DefaultMavenResourcesFiltering - Copying 0 resource from src\main\resources to target\classes
2024-08-31 20:29:05,489 [Worker-42: Building] INFO  o.a.m.s.f.DefaultMavenResourcesFiltering - skip non existing resourceDirectory C:\Users\user\Ecommerce_sytem_workspace\ecommerce_sys_Capstone_major_Final\src\test\resources
2024-08-31 20:29:45,696 [Worker-43: Building] INFO  o.a.m.s.f.DefaultMavenResourcesFiltering - Copying 1 resource from src\main\resources to target\classes
2024-08-31 20:29:45,705 [Worker-43: Building] INFO  o.a.m.s.f.DefaultMavenResourcesFiltering - Copying 0 resource from src\main\resources to target\classes
2024-08-31 20:29:45,710 [Worker-43: Building] INFO  o.a.m.s.f.DefaultMavenResourcesFiltering - skip non existing resourceDirectory C:\Users\user\Ecommerce_sytem_workspace\ecommerce_sys_Capstone_major_Final\src\test\resources
2024-08-31 20:43:02,461 [Worker-45: Building] INFO  o.a.m.s.f.DefaultMavenResourcesFiltering - Copying 1 resource from src\main\resources to target\classes
2024-08-31 20:43:02,471 [Worker-45: Building] INFO  o.a.m.s.f.DefaultMavenResourcesFiltering - Copying 0 resource from src\main\resources to target\classes
2024-08-31 20:43:02,476 [Worker-45: Building] INFO  o.a.m.s.f.DefaultMavenResourcesFiltering - skip non existing resourceDirectory C:\Users\user\Ecommerce_sytem_workspace\ecommerce_sys_Capstone_major_Final\src\test\resources
2024-08-31 22:22:28,232 [Worker-55: Building] INFO  o.a.m.s.f.DefaultMavenResourcesFiltering - Copying 1 resource from src\main\resources to target\classes
2024-08-31 22:22:28,256 [Worker-55: Building] INFO  o.a.m.s.f.DefaultMavenResourcesFiltering - Copying 0 resource from src\main\resources to target\classes
2024-08-31 22:22:28,263 [Worker-55: Building] INFO  o.a.m.s.f.DefaultMavenResourcesFiltering - skip non existing resourceDirectory C:\Users\user\Ecommerce_sytem_workspace\ecommerce_sys_Capstone_major_Final\src\test\resources
2024-08-31 23:21:11,654 [Worker-70: Building] INFO  o.a.m.s.f.DefaultMavenResourcesFiltering - Copying 1 resource from src\main\resources to target\classes
2024-08-31 23:21:11,666 [Worker-70: Building] INFO  o.a.m.s.f.DefaultMavenResourcesFiltering - Copying 0 resource from src\main\resources to target\classes
2024-08-31 23:21:11,675 [Worker-70: Building] INFO  o.a.m.s.f.DefaultMavenResourcesFiltering - skip non existing resourceDirectory C:\Users\user\Ecommerce_sytem_workspace\ecommerce_sys_Capstone_major_Final\src\test\resources
2024-09-01 00:54:08,989 [Worker-84: Building] INFO  o.a.m.s.f.DefaultMavenResourcesFiltering - Copying 1 resource from src\main\resources to target\classes
2024-09-01 00:54:08,996 [Worker-84: Building] INFO  o.a.m.s.f.DefaultMavenResourcesFiltering - Copying 0 resource from src\main\resources to target\classes
2024-09-01 00:54:09,000 [Worker-84: Building] INFO  o.a.m.s.f.DefaultMavenResourcesFiltering - skip non existing resourceDirectory C:\Users\user\Ecommerce_sytem_workspace\ecommerce_sys_Capstone_major_Final\src\test\resources
2024-09-01 01:06:50,503 [Worker-89: Building] INFO  o.a.m.s.f.DefaultMavenResourcesFiltering - Copying 1 resource from src\main\resources to target\classes
2024-09-01 01:06:50,512 [Worker-89: Building] INFO  o.a.m.s.f.DefaultMavenResourcesFiltering - Copying 0 resource from src\main\resources to target\classes
2024-09-01 01:06:50,516 [Worker-89: Building] INFO  o.a.m.s.f.DefaultMavenResourcesFiltering - skip non existing resourceDirectory C:\Users\user\Ecommerce_sytem_workspace\ecommerce_sys_Capstone_major_Final\src\test\resources
2024-09-01 01:21:06,081 [Worker-89: Building] INFO  o.a.m.s.f.DefaultMavenResourcesFiltering - Copying 1 resource from src\main\resources to target\classes
2024-09-01 01:21:06,091 [Worker-89: Building] INFO  o.a.m.s.f.DefaultMavenResourcesFiltering - Copying 0 resource from src\main\resources to target\classes
2024-09-01 01:21:06,095 [Worker-89: Building] INFO  o.a.m.s.f.DefaultMavenResourcesFiltering - skip non existing resourceDirectory C:\Users\user\Ecommerce_sytem_workspace\ecommerce_sys_Capstone_major_Final\src\test\resources
2024-09-01 01:21:07,262 [Stop Help Server] INFO  org.eclipse.jetty.server.Server - Stopped oejs.Server@751864f6{STOPPING}[12.0.9,sto=0]
2024-09-01 01:21:07,278 [Stop Help Server] INFO  o.e.jetty.server.AbstractConnector - Stopped ServerConnector@68ae7b5d{HTTP/1.1, (http/1.1)}{127.0.0.1:0}
2024-09-01 01:34:05,754 [Worker-0: Loading available Gradle versions] INFO  o.e.b.c.i.u.g.PublishedGradleVersions - Gradle version information cache is up-to-date. Trying to read.
2024-09-01 01:35:06,108 [Worker-7: Building] INFO  o.a.m.s.f.DefaultMavenResourcesFiltering - Copying 1 resource from src\main\resources to target\classes
2024-09-01 01:35:06,145 [Worker-7: Building] INFO  o.a.m.s.f.DefaultMavenResourcesFiltering - Copying 0 resource from src\main\resources to target\classes
2024-09-01 01:35:06,151 [Worker-7: Building] INFO  o.a.m.s.f.DefaultMavenResourcesFiltering - skip non existing resourceDirectory C:\Users\user\Ecommerce_sytem_workspace\ecommerce_sys_Capstone_major_Final\src\test\resources
2024-09-01 01:42:22,958 [Worker-13: Building] INFO  o.a.m.s.f.DefaultMavenResourcesFiltering - Copying 1 resource from src\main\resources to target\classes
2024-09-01 01:42:22,965 [Worker-13: Building] INFO  o.a.m.s.f.DefaultMavenResourcesFiltering - Copying 0 resource from src\main\resources to target\classes
2024-09-01 01:42:22,970 [Worker-13: Building] INFO  o.a.m.s.f.DefaultMavenResourcesFiltering - skip non existing resourceDirectory C:\Users\user\Ecommerce_sytem_workspace\ecommerce_sys_Capstone_major_Final\src\test\resources
2024-09-01 01:49:41,088 [Start Help Server] INFO  org.eclipse.jetty.server.Server - jetty-12.0.9; built: 2024-05-03T13:03:17.262Z; git: efe8023327e67287f9bfd006700e6a71d45b5dd6; jvm 22.0.2+9
2024-09-01 01:49:41,166 [Start Help Server] INFO  o.e.j.server.handler.ContextHandler - Started oeje8n.ContextHandler$CoreContextHandler@43d09127{/help,/help,b=null,a=AVAILABLE,h=oeje8n.ContextHandler$CoreContextHandler$CoreToNestedHandler@67511e02{STARTED}}
2024-09-01 01:49:41,167 [Start Help Server] INFO  o.e.j.s.DefaultSessionIdManager - Session workerName=node0
2024-09-01 01:49:41,194 [Start Help Server] INFO  o.e.jetty.server.AbstractConnector - Started ServerConnector@78f5b758{HTTP/1.1, (http/1.1)}{127.0.0.1:58144}
2024-09-01 01:49:41,215 [Start Help Server] INFO  org.eclipse.jetty.server.Server - Started oejs.Server@5f3333ea{STARTING}[12.0.9,sto=0] @947891ms
2024-09-01 01:51:14,823 [Worker-21: Building] INFO  o.a.m.s.f.DefaultMavenResourcesFiltering - Copying 1 resource from src\main\resources to target\classes
2024-09-01 01:51:14,833 [Worker-21: Building] INFO  o.a.m.s.f.DefaultMavenResourcesFiltering - Copying 0 resource from src\main\resources to target\classes
2024-09-01 01:51:14,839 [Worker-21: Building] INFO  o.a.m.s.f.DefaultMavenResourcesFiltering - skip non existing resourceDirectory C:\Users\user\Ecommerce_sytem_workspace\ecommerce_sys_Capstone_major_Final\src\test\resources
2024-09-01 01:59:21,710 [Worker-29: Building] INFO  o.a.m.s.f.DefaultMavenResourcesFiltering - Copying 1 resource from src\main\resources to target\classes
2024-09-01 01:59:21,720 [Worker-29: Building] INFO  o.a.m.s.f.DefaultMavenResourcesFiltering - Copying 0 resource from src\main\resources to target\classes
2024-09-01 01:59:21,723 [Worker-29: Building] INFO  o.a.m.s.f.DefaultMavenResourcesFiltering - skip non existing resourceDirectory C:\Users\user\Ecommerce_sytem_workspace\ecommerce_sys_Capstone_major_Final\src\test\resources
2024-09-01 02:05:13,686 [Worker-13: Building] INFO  o.a.m.s.f.DefaultMavenResourcesFiltering - Copying 1 resource from src\main\resources to target\classes
2024-09-01 02:05:13,695 [Worker-13: Building] INFO  o.a.m.s.f.DefaultMavenResourcesFiltering - Copying 0 resource from src\main\resources to target\classes
2024-09-01 02:05:13,697 [Worker-13: Building] INFO  o.a.m.s.f.DefaultMavenResourcesFiltering - skip non existing resourceDirectory C:\Users\user\Ecommerce_sytem_workspace\ecommerce_sys_Capstone_major_Final\src\test\resources
2024-09-01 02:07:58,389 [Worker-27: Building] INFO  o.a.m.s.f.DefaultMavenResourcesFiltering - Copying 1 resource from src\main\resources to target\classes
2024-09-01 02:07:58,396 [Worker-27: Building] INFO  o.a.m.s.f.DefaultMavenResourcesFiltering - Copying 0 resource from src\main\resources to target\classes
2024-09-01 02:07:58,400 [Worker-27: Building] INFO  o.a.m.s.f.DefaultMavenResourcesFiltering - skip non existing resourceDirectory C:\Users\user\Ecommerce_sytem_workspace\ecommerce_sys_Capstone_major_Final\src\test\resources
2024-09-01 02:09:36,752 [Worker-30: Building] INFO  o.a.m.s.f.DefaultMavenResourcesFiltering - Copying 0 resource from src\main\resources to target\classes
2024-09-01 02:09:36,753 [Worker-30: Building] INFO  o.a.m.s.f.DefaultMavenResourcesFiltering - Copying 0 resource from src\main\resources to target\classes
2024-09-01 02:09:36,756 [Worker-30: Building] INFO  o.a.m.s.f.DefaultMavenResourcesFiltering - skip non existing resourceDirectory C:\Users\user\Ecommerce_sytem_workspace\ecommerce_sys_Capstone_major_Final\src\test\resources
2024-09-01 02:46:15,332 [Worker-37: Building] INFO  o.a.m.s.f.DefaultMavenResourcesFiltering - Copying 1 resource from src\main\resources to target\classes
2024-09-01 02:46:15,344 [Worker-37: Building] INFO  o.a.m.s.f.DefaultMavenResourcesFiltering - Copying 0 resource from src\main\resources to target\classes
2024-09-01 02:46:15,349 [Worker-37: Building] INFO  o.a.m.s.f.DefaultMavenResourcesFiltering - skip non existing resourceDirectory C:\Users\user\Ecommerce_sytem_workspace\ecommerce_sys_Capstone_major_Final\src\test\resources
2024-09-01 08:21:04,018 [Worker-4: Loading available Gradle versions] INFO  o.e.b.c.i.u.g.PublishedGradleVersions - Gradle version information cache is up-to-date. Trying to read.
2024-09-01 08:22:09,731 [Worker-17: Building] INFO  o.a.m.s.f.DefaultMavenResourcesFiltering - Copying 1 resource from src\main\resources to target\classes
2024-09-01 08:22:09,773 [Worker-17: Building] INFO  o.a.m.s.f.DefaultMavenResourcesFiltering - Copying 0 resource from src\main\resources to target\classes
2024-09-01 08:22:09,779 [Worker-17: Building] INFO  o.a.m.s.f.DefaultMavenResourcesFiltering - skip non existing resourceDirectory C:\Users\user\Ecommerce_sytem_workspace\ecommerce_sys_Capstone_major_Final\src\test\resources
2024-09-01 08:47:48,456 [Start Help Server] INFO  org.eclipse.jetty.server.Server - jetty-12.0.9; built: 2024-05-03T13:03:17.262Z; git: efe8023327e67287f9bfd006700e6a71d45b5dd6; jvm 22.0.2+9
2024-09-01 08:47:48,526 [Start Help Server] INFO  o.e.j.server.handler.ContextHandler - Started oeje8n.ContextHandler$CoreContextHandler@699fcb17{/help,/help,b=null,a=AVAILABLE,h=oeje8n.ContextHandler$CoreContextHandler$CoreToNestedHandler@481651ee{STARTED}}
2024-09-01 08:47:48,527 [Start Help Server] INFO  o.e.j.s.DefaultSessionIdManager - Session workerName=node0
2024-09-01 08:47:48,557 [Start Help Server] INFO  o.e.jetty.server.AbstractConnector - Started ServerConnector@77484c4{HTTP/1.1, (http/1.1)}{127.0.0.1:49980}
2024-09-01 08:47:48,680 [Start Help Server] INFO  org.eclipse.jetty.server.Server - Started oejs.Server@586bb066{STARTING}[12.0.9,sto=0] @1834739ms
2024-09-01 09:51:34,066 [Worker-32: Building] INFO  o.a.m.s.f.DefaultMavenResourcesFiltering - Copying 1 resource from src\main\resources to target\classes
2024-09-01 09:51:34,091 [Worker-32: Building] INFO  o.a.m.s.f.DefaultMavenResourcesFiltering - Copying 0 resource from src\main\resources to target\classes
2024-09-01 09:51:34,099 [Worker-32: Building] INFO  o.a.m.s.f.DefaultMavenResourcesFiltering - skip non existing resourceDirectory C:\Users\user\Ecommerce_sytem_workspace\ecommerce_sys_Capstone_major_Final\src\test\resources
2024-09-01 09:55:16,213 [Worker-40: Building] INFO  o.a.m.s.f.DefaultMavenResourcesFiltering - Copying 1 resource from src\main\resources to target\classes
2024-09-01 09:55:16,221 [Worker-40: Building] INFO  o.a.m.s.f.DefaultMavenResourcesFiltering - Copying 0 resource from src\main\resources to target\classes
2024-09-01 09:55:16,226 [Worker-40: Building] INFO  o.a.m.s.f.DefaultMavenResourcesFiltering - skip non existing resourceDirectory C:\Users\user\Ecommerce_sytem_workspace\ecommerce_sys_Capstone_major_Final\src\test\resources
2024-09-01 09:55:41,924 [Worker-45: Building] INFO  o.a.m.s.f.DefaultMavenResourcesFiltering - Copying 1 resource from src\main\resources to target\classes
2024-09-01 09:55:41,933 [Worker-45: Building] INFO  o.a.m.s.f.DefaultMavenResourcesFiltering - Copying 0 resource from src\main\resources to target\classes
2024-09-01 09:55:41,939 [Worker-45: Building] INFO  o.a.m.s.f.DefaultMavenResourcesFiltering - skip non existing resourceDirectory C:\Users\user\Ecommerce_sytem_workspace\ecommerce_sys_Capstone_major_Final\src\test\resources
2024-09-01 10:04:54,958 [Worker-37: Building] INFO  o.a.m.s.f.DefaultMavenResourcesFiltering - Copying 1 resource from src\main\resources to target\classes
2024-09-01 10:04:54,973 [Worker-37: Building] INFO  o.a.m.s.f.DefaultMavenResourcesFiltering - Copying 0 resource from src\main\resources to target\classes
2024-09-01 10:04:54,978 [Worker-37: Building] INFO  o.a.m.s.f.DefaultMavenResourcesFiltering - skip non existing resourceDirectory C:\Users\user\Ecommerce_sytem_workspace\ecommerce_sys_Capstone_major_Final\src\test\resources
2024-09-01 11:42:53,316 [Worker-2: Loading available Gradle versions] INFO  o.e.b.c.i.u.g.PublishedGradleVersions - Gradle version information cache is up-to-date. Trying to read.
2024-09-01 11:43:31,263 [Start Help Server] INFO  org.eclipse.jetty.server.Server - jetty-12.0.9; built: 2024-05-03T13:03:17.262Z; git: efe8023327e67287f9bfd006700e6a71d45b5dd6; jvm 22.0.2+9
2024-09-01 11:43:31,326 [Start Help Server] INFO  o.e.j.server.handler.ContextHandler - Started oeje8n.ContextHandler$CoreContextHandler@5b63d022{/help,/help,b=null,a=AVAILABLE,h=oeje8n.ContextHandler$CoreContextHandler$CoreToNestedHandler@4106441{STARTED}}
2024-09-01 11:43:31,327 [Start Help Server] INFO  o.e.j.s.DefaultSessionIdManager - Session workerName=node0
2024-09-01 11:43:31,354 [Start Help Server] INFO  o.e.jetty.server.AbstractConnector - Started ServerConnector@70b82d33{HTTP/1.1, (http/1.1)}{127.0.0.1:49882}
2024-09-01 11:43:31,437 [Start Help Server] INFO  org.eclipse.jetty.server.Server - Started oejs.Server@6bc041df{STARTING}[12.0.9,sto=0] @108603ms
2024-09-01 11:52:46,607 [Worker-23: Building] INFO  o.a.m.s.f.DefaultMavenResourcesFiltering - Copying 1 resource from src\main\resources to target\classes
2024-09-01 11:52:46,637 [Worker-23: Building] INFO  o.a.m.s.f.DefaultMavenResourcesFiltering - Copying 0 resource from src\main\resources to target\classes
2024-09-01 11:52:46,643 [Worker-23: Building] INFO  o.a.m.s.f.DefaultMavenResourcesFiltering - skip non existing resourceDirectory C:\Users\user\Ecommerce_sytem_workspace\ecommerce_sys_Capstone_major_Final\src\test\resources
2024-09-01 11:53:04,002 [Worker-24: Building] INFO  o.a.m.s.f.DefaultMavenResourcesFiltering - Copying 1 resource from src\main\resources to target\classes
2024-09-01 11:53:04,014 [Worker-24: Building] INFO  o.a.m.s.f.DefaultMavenResourcesFiltering - Copying 0 resource from src\main\resources to target\classes
2024-09-01 11:53:04,019 [Worker-24: Building] INFO  o.a.m.s.f.DefaultMavenResourcesFiltering - skip non existing resourceDirectory C:\Users\user\Ecommerce_sytem_workspace\ecommerce_sys_Capstone_major_Final\src\test\resources
2024-09-01 13:11:15,881 [Worker-26: Building] INFO  o.a.m.s.f.DefaultMavenResourcesFiltering - Copying 0 resource from src\main\resources to target\classes
2024-09-01 13:11:15,883 [Worker-26: Building] INFO  o.a.m.s.f.DefaultMavenResourcesFiltering - Copying 0 resource from src\main\resources to target\classes
2024-09-01 13:11:15,887 [Worker-26: Building] INFO  o.a.m.s.f.DefaultMavenResourcesFiltering - skip non existing resourceDirectory C:\Users\user\Ecommerce_sytem_workspace\ecommerce_sys_Capstone_major_Final\src\test\resources
2024-09-01 13:42:01,902 [Worker-42: Building] INFO  o.a.m.s.f.DefaultMavenResourcesFiltering - Copying 0 resource from src\main\resources to target\classes
2024-09-01 13:42:01,903 [Worker-42: Building] INFO  o.a.m.s.f.DefaultMavenResourcesFiltering - Copying 0 resource from src\main\resources to target\classes
2024-09-01 13:42:01,907 [Worker-42: Building] INFO  o.a.m.s.f.DefaultMavenResourcesFiltering - skip non existing resourceDirectory C:\Users\user\Ecommerce_sytem_workspace\ecommerce_sys_Capstone_major_Final\src\test\resources
2024-09-01 14:45:04,134 [Worker-51: Building] INFO  o.a.m.s.f.DefaultMavenResourcesFiltering - Copying 0 resource from src\main\resources to target\classes
2024-09-01 14:45:04,137 [Worker-51: Building] INFO  o.a.m.s.f.DefaultMavenResourcesFiltering - Copying 0 resource from src\main\resources to target\classes
2024-09-01 14:45:04,145 [Worker-51: Building] INFO  o.a.m.s.f.DefaultMavenResourcesFiltering - skip non existing resourceDirectory C:\Users\user\Ecommerce_sytem_workspace\ecommerce_sys_Capstone_major_Final\src\test\resources
2024-09-01 14:45:07,148 [Worker-51: Building] INFO  o.a.m.s.f.DefaultMavenResourcesFiltering - Copying 0 resource from src\main\resources to target\classes
2024-09-01 14:45:07,150 [Worker-51: Building] INFO  o.a.m.s.f.DefaultMavenResourcesFiltering - Copying 0 resource from src\main\resources to target\classes
2024-09-01 14:45:07,157 [Worker-51: Building] INFO  o.a.m.s.f.DefaultMavenResourcesFiltering - skip non existing resourceDirectory C:\Users\user\Ecommerce_sytem_workspace\ecommerce_sys_Capstone_major_Final\src\test\resources
2024-09-01 14:58:29,160 [Worker-56: Building] INFO  o.a.m.s.f.DefaultMavenResourcesFiltering - Copying 0 resource from src\main\resources to target\classes
2024-09-01 14:58:29,162 [Worker-56: Building] INFO  o.a.m.s.f.DefaultMavenResourcesFiltering - Copying 0 resource from src\main\resources to target\classes
2024-09-01 14:58:29,169 [Worker-56: Building] INFO  o.a.m.s.f.DefaultMavenResourcesFiltering - skip non existing resourceDirectory C:\Users\user\Ecommerce_sytem_workspace\ecommerce_sys_Capstone_major_Final\src\test\resources
2024-09-01 14:58:51,440 [Worker-59: Building] INFO  o.a.m.s.f.DefaultMavenResourcesFiltering - Copying 0 resource from src\main\resources to target\classes
2024-09-01 14:58:51,441 [Worker-59: Building] INFO  o.a.m.s.f.DefaultMavenResourcesFiltering - Copying 0 resource from src\main\resources to target\classes
2024-09-01 14:58:51,446 [Worker-59: Building] INFO  o.a.m.s.f.DefaultMavenResourcesFiltering - skip non existing resourceDirectory C:\Users\user\Ecommerce_sytem_workspace\ecommerce_sys_Capstone_major_Final\src\test\resources
2024-09-01 15:01:51,266 [Worker-59: Building] INFO  o.a.m.s.f.DefaultMavenResourcesFiltering - Copying 0 resource from src\main\resources to target\classes
2024-09-01 15:01:51,268 [Worker-59: Building] INFO  o.a.m.s.f.DefaultMavenResourcesFiltering - Copying 0 resource from src\main\resources to target\classes
2024-09-01 15:01:51,275 [Worker-59: Building] INFO  o.a.m.s.f.DefaultMavenResourcesFiltering - skip non existing resourceDirectory C:\Users\user\Ecommerce_sytem_workspace\ecommerce_sys_Capstone_major_Final\src\test\resources
2024-09-01 15:02:33,805 [Worker-62: Building] INFO  o.a.m.s.f.DefaultMavenResourcesFiltering - Copying 0 resource from src\main\resources to target\classes
2024-09-01 15:02:33,806 [Worker-62: Building] INFO  o.a.m.s.f.DefaultMavenResourcesFiltering - Copying 0 resource from src\main\resources to target\classes
2024-09-01 15:02:33,811 [Worker-62: Building] INFO  o.a.m.s.f.DefaultMavenResourcesFiltering - skip non existing resourceDirectory C:\Users\user\Ecommerce_sytem_workspace\ecommerce_sys_Capstone_major_Final\src\test\resources
2024-09-01 21:23:17,208 [Worker-1: Loading available Gradle versions] INFO  o.e.b.c.i.u.g.PublishedGradleVersions - Gradle version information cache is out-of-date. Trying to update.
2024-09-01 21:33:22,645 [Start Help Server] INFO  org.eclipse.jetty.server.Server - jetty-12.0.9; built: 2024-05-03T13:03:17.262Z; git: efe8023327e67287f9bfd006700e6a71d45b5dd6; jvm 22.0.2+9
2024-09-01 21:33:22,725 [Start Help Server] INFO  o.e.j.server.handler.ContextHandler - Started oeje8n.ContextHandler$CoreContextHandler@691d242a{/help,/help,b=null,a=AVAILABLE,h=oeje8n.ContextHandler$CoreContextHandler$CoreToNestedHandler@333fe707{STARTED}}
2024-09-01 21:33:22,727 [Start Help Server] INFO  o.e.j.s.DefaultSessionIdManager - Session workerName=node0
2024-09-01 21:33:22,753 [Start Help Server] INFO  o.e.jetty.server.AbstractConnector - Started ServerConnector@44d519d8{HTTP/1.1, (http/1.1)}{127.0.0.1:50146}
2024-09-01 21:33:22,841 [Start Help Server] INFO  org.eclipse.jetty.server.Server - Started oejs.Server@2b0649f{STARTING}[12.0.9,sto=0] @904635ms
2024-09-01 21:53:37,917 [Worker-28: Launching Executing clean in C__Users_user_Ecommerce_sytem_workspace_ecommerce_sys_Capstone_major_Final] INFO  o.eclipse.m2e.core.internal.Bundles - getClasspathEntries(Bundle=org.eclipse.m2e.maven.runtime_3.9.700.20240602-2313 [299])
2024-09-01 21:53:37,920 [Worker-28: Launching Executing clean in C__Users_user_Ecommerce_sytem_workspace_ecommerce_sys_Capstone_major_Final] INFO  o.eclipse.m2e.core.internal.Bundles - 	Entry: C:\Users\user\.p2\pool\plugins\org.eclipse.m2e.maven.runtime_3.9.700.20240602-2313
2024-09-01 21:53:37,921 [Worker-28: Launching Executing clean in C__Users_user_Ecommerce_sytem_workspace_ecommerce_sys_Capstone_major_Final] INFO  o.eclipse.m2e.core.internal.Bundles - 	Entry: C:\Users\user\.p2\pool\plugins\org.eclipse.m2e.maven.runtime_3.9.700.20240602-2313\jars\aopalliance-1.0.jar
2024-09-01 21:53:37,921 [Worker-28: Launching Executing clean in C__Users_user_Ecommerce_sytem_workspace_ecommerce_sys_Capstone_major_Final] INFO  o.eclipse.m2e.core.internal.Bundles - 	Entry: C:\Users\user\.p2\pool\plugins\org.eclipse.m2e.maven.runtime_3.9.700.20240602-2313\jars\guice-5.1.0.jar
2024-09-01 21:53:37,922 [Worker-28: Launching Executing clean in C__Users_user_Ecommerce_sytem_workspace_ecommerce_sys_Capstone_major_Final] INFO  o.eclipse.m2e.core.internal.Bundles - 	Entry: C:\Users\user\.p2\pool\plugins\org.eclipse.m2e.maven.runtime_3.9.700.20240602-2313\jars\httpclient-4.5.14.jar
2024-09-01 21:53:37,922 [Worker-28: Launching Executing clean in C__Users_user_Ecommerce_sytem_workspace_ecommerce_sys_Capstone_major_Final] INFO  o.eclipse.m2e.core.internal.Bundles - 	Entry: C:\Users\user\.p2\pool\plugins\org.eclipse.m2e.maven.runtime_3.9.700.20240602-2313\jars\httpcore-4.4.16.jar
2024-09-01 21:53:37,922 [Worker-28: Launching Executing clean in C__Users_user_Ecommerce_sytem_workspace_ecommerce_sys_Capstone_major_Final] INFO  o.eclipse.m2e.core.internal.Bundles - 	Entry: C:\Users\user\.p2\pool\plugins\org.eclipse.m2e.maven.runtime_3.9.700.20240602-2313\jars\jansi-2.4.1.jar
2024-09-01 21:53:37,923 [Worker-28: Launching Executing clean in C__Users_user_Ecommerce_sytem_workspace_ecommerce_sys_Capstone_major_Final] INFO  o.eclipse.m2e.core.internal.Bundles - 	Entry: C:\Users\user\.p2\pool\plugins\org.eclipse.m2e.maven.runtime_3.9.700.20240602-2313\jars\jcl-over-slf4j-1.7.36.jar
2024-09-01 21:53:37,923 [Worker-28: Launching Executing clean in C__Users_user_Ecommerce_sytem_workspace_ecommerce_sys_Capstone_major_Final] INFO  o.eclipse.m2e.core.internal.Bundles - 	Entry: C:\Users\user\.p2\pool\plugins\org.eclipse.m2e.maven.runtime_3.9.700.20240602-2313\jars\maven-artifact-3.9.7.jar
2024-09-01 21:53:37,923 [Worker-28: Launching Executing clean in C__Users_user_Ecommerce_sytem_workspace_ecommerce_sys_Capstone_major_Final] INFO  o.eclipse.m2e.core.internal.Bundles - 	Entry: C:\Users\user\.p2\pool\plugins\org.eclipse.m2e.maven.runtime_3.9.700.20240602-2313\jars\maven-builder-support-3.9.7.jar
2024-09-01 21:53:37,924 [Worker-28: Launching Executing clean in C__Users_user_Ecommerce_sytem_workspace_ecommerce_sys_Capstone_major_Final] INFO  o.eclipse.m2e.core.internal.Bundles - 	Entry: C:\Users\user\.p2\pool\plugins\org.eclipse.m2e.maven.runtime_3.9.700.20240602-2313\jars\maven-compat-3.9.7.jar
2024-09-01 21:53:37,924 [Worker-28: Launching Executing clean in C__Users_user_Ecommerce_sytem_workspace_ecommerce_sys_Capstone_major_Final] INFO  o.eclipse.m2e.core.internal.Bundles - 	Entry: C:\Users\user\.p2\pool\plugins\org.eclipse.m2e.maven.runtime_3.9.700.20240602-2313\jars\maven-core-3.9.7.jar
2024-09-01 21:53:37,924 [Worker-28: Launching Executing clean in C__Users_user_Ecommerce_sytem_workspace_ecommerce_sys_Capstone_major_Final] INFO  o.eclipse.m2e.core.internal.Bundles - 	Entry: C:\Users\user\.p2\pool\plugins\org.eclipse.m2e.maven.runtime_3.9.700.20240602-2313\jars\maven-embedder-3.9.7.jar
2024-09-01 21:53:37,924 [Worker-28: Launching Executing clean in C__Users_user_Ecommerce_sytem_workspace_ecommerce_sys_Capstone_major_Final] INFO  o.eclipse.m2e.core.internal.Bundles - 	Entry: C:\Users\user\.p2\pool\plugins\org.eclipse.m2e.maven.runtime_3.9.700.20240602-2313\jars\maven-model-3.9.7.jar
2024-09-01 21:53:37,925 [Worker-28: Launching Executing clean in C__Users_user_Ecommerce_sytem_workspace_ecommerce_sys_Capstone_major_Final] INFO  o.eclipse.m2e.core.internal.Bundles - 	Entry: C:\Users\user\.p2\pool\plugins\org.eclipse.m2e.maven.runtime_3.9.700.20240602-2313\jars\maven-model-builder-3.9.7.jar
2024-09-01 21:53:37,925 [Worker-28: Launching Executing clean in C__Users_user_Ecommerce_sytem_workspace_ecommerce_sys_Capstone_major_Final] INFO  o.eclipse.m2e.core.internal.Bundles - 	Entry: C:\Users\user\.p2\pool\plugins\org.eclipse.m2e.maven.runtime_3.9.700.20240602-2313\jars\maven-plugin-api-3.9.7.jar
2024-09-01 21:53:37,925 [Worker-28: Launching Executing clean in C__Users_user_Ecommerce_sytem_workspace_ecommerce_sys_Capstone_major_Final] INFO  o.eclipse.m2e.core.internal.Bundles - 	Entry: C:\Users\user\.p2\pool\plugins\org.eclipse.m2e.maven.runtime_3.9.700.20240602-2313\jars\maven-repository-metadata-3.9.7.jar
2024-09-01 21:53:37,925 [Worker-28: Launching Executing clean in C__Users_user_Ecommerce_sytem_workspace_ecommerce_sys_Capstone_major_Final] INFO  o.eclipse.m2e.core.internal.Bundles - 	Entry: C:\Users\user\.p2\pool\plugins\org.eclipse.m2e.maven.runtime_3.9.700.20240602-2313\jars\maven-resolver-api-1.9.20.jar
2024-09-01 21:53:37,926 [Worker-28: Launching Executing clean in C__Users_user_Ecommerce_sytem_workspace_ecommerce_sys_Capstone_major_Final] INFO  o.eclipse.m2e.core.internal.Bundles - 	Entry: C:\Users\user\.p2\pool\plugins\org.eclipse.m2e.maven.runtime_3.9.700.20240602-2313\jars\maven-resolver-connector-basic-1.9.20.jar
2024-09-01 21:53:37,926 [Worker-28: Launching Executing clean in C__Users_user_Ecommerce_sytem_workspace_ecommerce_sys_Capstone_major_Final] INFO  o.eclipse.m2e.core.internal.Bundles - 	Entry: C:\Users\user\.p2\pool\plugins\org.eclipse.m2e.maven.runtime_3.9.700.20240602-2313\jars\maven-resolver-impl-1.9.20.jar
2024-09-01 21:53:37,926 [Worker-28: Launching Executing clean in C__Users_user_Ecommerce_sytem_workspace_ecommerce_sys_Capstone_major_Final] INFO  o.eclipse.m2e.core.internal.Bundles - 	Entry: C:\Users\user\.p2\pool\plugins\org.eclipse.m2e.maven.runtime_3.9.700.20240602-2313\jars\maven-resolver-named-locks-1.9.20.jar
2024-09-01 21:53:37,926 [Worker-28: Launching Executing clean in C__Users_user_Ecommerce_sytem_workspace_ecommerce_sys_Capstone_major_Final] INFO  o.eclipse.m2e.core.internal.Bundles - 	Entry: C:\Users\user\.p2\pool\plugins\org.eclipse.m2e.maven.runtime_3.9.700.20240602-2313\jars\maven-resolver-provider-3.9.7.jar
2024-09-01 21:53:37,926 [Worker-28: Launching Executing clean in C__Users_user_Ecommerce_sytem_workspace_ecommerce_sys_Capstone_major_Final] INFO  o.eclipse.m2e.core.internal.Bundles - 	Entry: C:\Users\user\.p2\pool\plugins\org.eclipse.m2e.maven.runtime_3.9.700.20240602-2313\jars\maven-resolver-spi-1.9.20.jar
2024-09-01 21:53:37,927 [Worker-28: Launching Executing clean in C__Users_user_Ecommerce_sytem_workspace_ecommerce_sys_Capstone_major_Final] INFO  o.eclipse.m2e.core.internal.Bundles - 	Entry: C:\Users\user\.p2\pool\plugins\org.eclipse.m2e.maven.runtime_3.9.700.20240602-2313\jars\maven-resolver-transport-file-1.9.20.jar
2024-09-01 21:53:37,927 [Worker-28: Launching Executing clean in C__Users_user_Ecommerce_sytem_workspace_ecommerce_sys_Capstone_major_Final] INFO  o.eclipse.m2e.core.internal.Bundles - 	Entry: C:\Users\user\.p2\pool\plugins\org.eclipse.m2e.maven.runtime_3.9.700.20240602-2313\jars\maven-resolver-transport-http-1.9.20.jar
2024-09-01 21:53:37,927 [Worker-28: Launching Executing clean in C__Users_user_Ecommerce_sytem_workspace_ecommerce_sys_Capstone_major_Final] INFO  o.eclipse.m2e.core.internal.Bundles - 	Entry: C:\Users\user\.p2\pool\plugins\org.eclipse.m2e.maven.runtime_3.9.700.20240602-2313\jars\maven-resolver-transport-wagon-1.9.20.jar
2024-09-01 21:53:37,927 [Worker-28: Launching Executing clean in C__Users_user_Ecommerce_sytem_workspace_ecommerce_sys_Capstone_major_Final] INFO  o.eclipse.m2e.core.internal.Bundles - 	Entry: C:\Users\user\.p2\pool\plugins\org.eclipse.m2e.maven.runtime_3.9.700.20240602-2313\jars\maven-resolver-util-1.9.20.jar
2024-09-01 21:53:37,928 [Worker-28: Launching Executing clean in C__Users_user_Ecommerce_sytem_workspace_ecommerce_sys_Capstone_major_Final] INFO  o.eclipse.m2e.core.internal.Bundles - 	Entry: C:\Users\user\.p2\pool\plugins\org.eclipse.m2e.maven.runtime_3.9.700.20240602-2313\jars\maven-settings-3.9.7.jar
2024-09-01 21:53:37,928 [Worker-28: Launching Executing clean in C__Users_user_Ecommerce_sytem_workspace_ecommerce_sys_Capstone_major_Final] INFO  o.eclipse.m2e.core.internal.Bundles - 	Entry: C:\Users\user\.p2\pool\plugins\org.eclipse.m2e.maven.runtime_3.9.700.20240602-2313\jars\maven-settings-builder-3.9.7.jar
2024-09-01 21:53:37,928 [Worker-28: Launching Executing clean in C__Users_user_Ecommerce_sytem_workspace_ecommerce_sys_Capstone_major_Final] INFO  o.eclipse.m2e.core.internal.Bundles - 	Entry: C:\Users\user\.p2\pool\plugins\org.eclipse.m2e.maven.runtime_3.9.700.20240602-2313\jars\maven-shared-utils-3.4.2.jar
2024-09-01 21:53:37,928 [Worker-28: Launching Executing clean in C__Users_user_Ecommerce_sytem_workspace_ecommerce_sys_Capstone_major_Final] INFO  o.eclipse.m2e.core.internal.Bundles - 	Entry: C:\Users\user\.p2\pool\plugins\org.eclipse.m2e.maven.runtime_3.9.700.20240602-2313\jars\org.eclipse.sisu.inject-0.9.0.M2.jar
2024-09-01 21:53:37,929 [Worker-28: Launching Executing clean in C__Users_user_Ecommerce_sytem_workspace_ecommerce_sys_Capstone_major_Final] INFO  o.eclipse.m2e.core.internal.Bundles - 	Entry: C:\Users\user\.p2\pool\plugins\org.eclipse.m2e.maven.runtime_3.9.700.20240602-2313\jars\org.eclipse.sisu.plexus-0.9.0.M2.jar
2024-09-01 21:53:37,929 [Worker-28: Launching Executing clean in C__Users_user_Ecommerce_sytem_workspace_ecommerce_sys_Capstone_major_Final] INFO  o.eclipse.m2e.core.internal.Bundles - 	Entry: C:\Users\user\.p2\pool\plugins\org.eclipse.m2e.maven.runtime_3.9.700.20240602-2313\jars\plexus-build-api-0.0.7.jar
2024-09-01 21:53:37,929 [Worker-28: Launching Executing clean in C__Users_user_Ecommerce_sytem_workspace_ecommerce_sys_Capstone_major_Final] INFO  o.eclipse.m2e.core.internal.Bundles - 	Entry: C:\Users\user\.p2\pool\plugins\org.eclipse.m2e.maven.runtime_3.9.700.20240602-2313\jars\plexus-build-api-1.2.0.jar
2024-09-01 21:53:37,929 [Worker-28: Launching Executing clean in C__Users_user_Ecommerce_sytem_workspace_ecommerce_sys_Capstone_major_Final] INFO  o.eclipse.m2e.core.internal.Bundles - 	Entry: C:\Users\user\.p2\pool\plugins\org.eclipse.m2e.maven.runtime_3.9.700.20240602-2313\jars\plexus-cipher-2.0.jar
2024-09-01 21:53:37,929 [Worker-28: Launching Executing clean in C__Users_user_Ecommerce_sytem_workspace_ecommerce_sys_Capstone_major_Final] INFO  o.eclipse.m2e.core.internal.Bundles - 	Entry: C:\Users\user\.p2\pool\plugins\org.eclipse.m2e.maven.runtime_3.9.700.20240602-2313\jars\plexus-classworlds-2.8.0.jar
2024-09-01 21:53:37,930 [Worker-28: Launching Executing clean in C__Users_user_Ecommerce_sytem_workspace_ecommerce_sys_Capstone_major_Final] INFO  o.eclipse.m2e.core.internal.Bundles - 	Entry: C:\Users\user\.p2\pool\plugins\org.eclipse.m2e.maven.runtime_3.9.700.20240602-2313\jars\plexus-component-annotations-2.1.0.jar
2024-09-01 21:53:37,930 [Worker-28: Launching Executing clean in C__Users_user_Ecommerce_sytem_workspace_ecommerce_sys_Capstone_major_Final] INFO  o.eclipse.m2e.core.internal.Bundles - 	Entry: C:\Users\user\.p2\pool\plugins\org.eclipse.m2e.maven.runtime_3.9.700.20240602-2313\jars\plexus-interpolation-1.27.jar
2024-09-01 21:53:37,930 [Worker-28: Launching Executing clean in C__Users_user_Ecommerce_sytem_workspace_ecommerce_sys_Capstone_major_Final] INFO  o.eclipse.m2e.core.internal.Bundles - 	Entry: C:\Users\user\.p2\pool\plugins\org.eclipse.m2e.maven.runtime_3.9.700.20240602-2313\jars\plexus-sec-dispatcher-2.0.jar
2024-09-01 21:53:37,930 [Worker-28: Launching Executing clean in C__Users_user_Ecommerce_sytem_workspace_ecommerce_sys_Capstone_major_Final] INFO  o.eclipse.m2e.core.internal.Bundles - 	Entry: C:\Users\user\.p2\pool\plugins\org.eclipse.m2e.maven.runtime_3.9.700.20240602-2313\jars\plexus-utils-3.5.1.jar
2024-09-01 21:53:37,931 [Worker-28: Launching Executing clean in C__Users_user_Ecommerce_sytem_workspace_ecommerce_sys_Capstone_major_Final] INFO  o.eclipse.m2e.core.internal.Bundles - 	Entry: C:\Users\user\.p2\pool\plugins\org.eclipse.m2e.maven.runtime_3.9.700.20240602-2313\jars\wagon-file-3.5.3.jar
2024-09-01 21:53:37,931 [Worker-28: Launching Executing clean in C__Users_user_Ecommerce_sytem_workspace_ecommerce_sys_Capstone_major_Final] INFO  o.eclipse.m2e.core.internal.Bundles - 	Entry: C:\Users\user\.p2\pool\plugins\org.eclipse.m2e.maven.runtime_3.9.700.20240602-2313\jars\wagon-http-3.5.3.jar
2024-09-01 21:53:37,931 [Worker-28: Launching Executing clean in C__Users_user_Ecommerce_sytem_workspace_ecommerce_sys_Capstone_major_Final] INFO  o.eclipse.m2e.core.internal.Bundles - 	Entry: C:\Users\user\.p2\pool\plugins\org.eclipse.m2e.maven.runtime_3.9.700.20240602-2313\jars\wagon-http-shared-3.5.3.jar
2024-09-01 21:53:37,931 [Worker-28: Launching Executing clean in C__Users_user_Ecommerce_sytem_workspace_ecommerce_sys_Capstone_major_Final] INFO  o.eclipse.m2e.core.internal.Bundles - 	Entry: C:\Users\user\.p2\pool\plugins\org.eclipse.m2e.maven.runtime_3.9.700.20240602-2313\jars\wagon-provider-api-3.5.3.jar
2024-09-01 21:53:37,933 [Worker-28: Launching Executing clean in C__Users_user_Ecommerce_sytem_workspace_ecommerce_sys_Capstone_major_Final] INFO  o.eclipse.m2e.core.internal.Bundles - getClasspathEntries(Bundle=com.google.guava_33.2.0.jre [10])
2024-09-01 21:53:37,934 [Worker-28: Launching Executing clean in C__Users_user_Ecommerce_sytem_workspace_ecommerce_sys_Capstone_major_Final] INFO  o.eclipse.m2e.core.internal.Bundles - 	Entry: C:\Users\user\.p2\pool\plugins\com.google.guava_33.2.0.jre.jar
2024-09-01 21:53:37,934 [Worker-28: Launching Executing clean in C__Users_user_Ecommerce_sytem_workspace_ecommerce_sys_Capstone_major_Final] INFO  o.eclipse.m2e.core.internal.Bundles - getClasspathEntries(Bundle=slf4j.api_2.0.13 [520])
2024-09-01 21:53:37,934 [Worker-28: Launching Executing clean in C__Users_user_Ecommerce_sytem_workspace_ecommerce_sys_Capstone_major_Final] INFO  o.eclipse.m2e.core.internal.Bundles - 	Entry: C:\Users\user\.p2\pool\plugins\slf4j.api_2.0.13.jar
2024-09-01 21:53:37,934 [Worker-28: Launching Executing clean in C__Users_user_Ecommerce_sytem_workspace_ecommerce_sys_Capstone_major_Final] INFO  o.eclipse.m2e.core.internal.Bundles - getClasspathEntries(Bundle=jakarta.inject.jakarta.inject-api_1.0.5 [21])
2024-09-01 21:53:37,935 [Worker-28: Launching Executing clean in C__Users_user_Ecommerce_sytem_workspace_ecommerce_sys_Capstone_major_Final] INFO  o.eclipse.m2e.core.internal.Bundles - 	Entry: C:\Users\user\.p2\pool\plugins\jakarta.inject.jakarta.inject-api_1.0.5.jar
2024-09-01 21:53:37,935 [Worker-28: Launching Executing clean in C__Users_user_Ecommerce_sytem_workspace_ecommerce_sys_Capstone_major_Final] INFO  o.eclipse.m2e.core.internal.Bundles - getClasspathEntries(Bundle=javax.annotation_1.3.5.v20200909-1856 [24])
2024-09-01 21:53:37,935 [Worker-28: Launching Executing clean in C__Users_user_Ecommerce_sytem_workspace_ecommerce_sys_Capstone_major_Final] INFO  o.eclipse.m2e.core.internal.Bundles - 	Entry: C:\Users\user\.p2\pool\plugins\javax.annotation_1.3.5.v20200909-1856.jar
2024-09-01 21:53:37,935 [Worker-28: Launching Executing clean in C__Users_user_Ecommerce_sytem_workspace_ecommerce_sys_Capstone_major_Final] INFO  o.eclipse.m2e.core.internal.Bundles - getClasspathEntries(Bundle=org.apache.commons.cli_1.8.0 [47])
2024-09-01 21:53:37,935 [Worker-28: Launching Executing clean in C__Users_user_Ecommerce_sytem_workspace_ecommerce_sys_Capstone_major_Final] INFO  o.eclipse.m2e.core.internal.Bundles - 	Entry: C:\Users\user\.p2\pool\plugins\org.apache.commons.cli_1.8.0.jar
2024-09-01 21:53:37,935 [Worker-28: Launching Executing clean in C__Users_user_Ecommerce_sytem_workspace_ecommerce_sys_Capstone_major_Final] INFO  o.eclipse.m2e.core.internal.Bundles - getClasspathEntries(Bundle=org.apache.commons.commons-codec_1.16.0 [48])
2024-09-01 21:53:37,936 [Worker-28: Launching Executing clean in C__Users_user_Ecommerce_sytem_workspace_ecommerce_sys_Capstone_major_Final] INFO  o.eclipse.m2e.core.internal.Bundles - 	Entry: C:\Users\user\.p2\pool\plugins\org.apache.commons.commons-codec_1.16.0.jar
2024-09-01 21:53:37,936 [Worker-28: Launching Executing clean in C__Users_user_Ecommerce_sytem_workspace_ecommerce_sys_Capstone_major_Final] INFO  o.eclipse.m2e.core.internal.Bundles - getClasspathEntries(Bundle=org.apache.commons.lang3_3.14.0 [54])
2024-09-01 21:53:37,936 [Worker-28: Launching Executing clean in C__Users_user_Ecommerce_sytem_workspace_ecommerce_sys_Capstone_major_Final] INFO  o.eclipse.m2e.core.internal.Bundles - 	Entry: C:\Users\user\.p2\pool\plugins\org.apache.commons.lang3_3.14.0.jar
2024-09-01 21:53:37,936 [Worker-28: Launching Executing clean in C__Users_user_Ecommerce_sytem_workspace_ecommerce_sys_Capstone_major_Final] INFO  o.eclipse.m2e.core.internal.Bundles - getClasspathEntries(Bundle=com.google.guava.failureaccess_1.0.2 [11])
2024-09-01 21:53:37,936 [Worker-28: Launching Executing clean in C__Users_user_Ecommerce_sytem_workspace_ecommerce_sys_Capstone_major_Final] INFO  o.eclipse.m2e.core.internal.Bundles - 	Entry: C:\Users\user\.p2\pool\plugins\com.google.guava.failureaccess_1.0.2.jar
2024-09-01 21:53:37,940 [Worker-28: Launching Executing clean in C__Users_user_Ecommerce_sytem_workspace_ecommerce_sys_Capstone_major_Final] INFO  o.e.m.i.launch.MavenLaunchDelegate - Run build in "C:\Users\user\Ecommerce_sytem_workspace\ecommerce_sys_Capstone_major_Final":
2024-09-01 21:53:37,959 [Worker-28: Launching Executing clean in C__Users_user_Ecommerce_sytem_workspace_ecommerce_sys_Capstone_major_Final] INFO  o.e.m.i.launch.MavenLaunchDelegate -  mvn  -B -Dstyle.color=always clean
2024-09-01 21:53:58,601 [Worker-32: Building] INFO  o.a.m.s.f.DefaultMavenResourcesFiltering - Copying 1 resource from src\main\resources to target\classes
2024-09-01 21:53:58,646 [Worker-32: Building] INFO  o.a.m.s.f.DefaultMavenResourcesFiltering - Copying 0 resource from src\main\resources to target\classes
2024-09-01 21:53:58,658 [Worker-32: Building] INFO  o.a.m.s.f.DefaultMavenResourcesFiltering - skip non existing resourceDirectory C:\Users\user\Ecommerce_sytem_workspace\ecommerce_sys_Capstone_major_Final\src\test\resources
2024-09-01 21:54:27,820 [Worker-33: Updating Maven Project] INFO  o.e.m.c.i.p.ProjectConfigurationManager - Update started
2024-09-01 21:54:29,872 [Worker-33: Updating Maven Project] INFO  o.e.m.c.i.l.LifecycleMappingFactory - Using org.eclipse.m2e.jdt.JarLifecycleMapping lifecycle mapping for MavenProject: com.demo:eurekaClient1:0.0.1-SNAPSHOT @ C:\Users\user\Ecommerce_sytem_workspace\ecommerce_sys_Capstone_major_Final\pom.xml.
2024-09-01 21:54:34,140 [Worker-33: Updating Maven Project] INFO  o.e.m.j.i.AbstractJavaProjectConfigurator - Adding source folder /ecommerce_sys_Capstone_major_Final/src/main/java
2024-09-01 21:54:34,142 [Worker-33: Updating Maven Project] INFO  o.e.m.j.i.AbstractJavaProjectConfigurator - Adding resource folder /ecommerce_sys_Capstone_major_Final/src/main/resources
2024-09-01 21:54:34,143 [Worker-33: Updating Maven Project] INFO  o.e.m.j.i.AbstractJavaProjectConfigurator - Adding resource folder /ecommerce_sys_Capstone_major_Final/src/main/resources
2024-09-01 21:54:34,145 [Worker-33: Updating Maven Project] INFO  o.e.m.j.i.AbstractJavaProjectConfigurator - Adding source folder /ecommerce_sys_Capstone_major_Final/src/test/java
2024-09-01 21:54:34,146 [Worker-33: Updating Maven Project] INFO  o.e.m.j.i.AbstractJavaProjectConfigurator - Adding resource folder /ecommerce_sys_Capstone_major_Final/src/test/resources
2024-09-01 21:54:34,774 [Worker-33: Updating Maven Project] INFO  o.e.m.c.i.p.ProjectConfigurationManager - Update completed for 1 poms: local refresh takes 0.00 sec, refresh facades takes 6.00 sec, update config takes 0.00 sec 
2024-09-01 21:54:35,763 [Worker-31: Building] INFO  o.a.m.s.f.DefaultMavenResourcesFiltering - Copying 1 resource from src\main\resources to target\classes
2024-09-01 21:54:35,794 [Worker-31: Building] INFO  o.a.m.s.f.DefaultMavenResourcesFiltering - Copying 0 resource from src\main\resources to target\classes
2024-09-01 21:54:35,800 [Worker-31: Building] INFO  o.a.m.s.f.DefaultMavenResourcesFiltering - skip non existing resourceDirectory C:\Users\user\Ecommerce_sytem_workspace\ecommerce_sys_Capstone_major_Final\src\test\resources
2024-09-01 22:23:06,890 [Worker-43: Building] INFO  o.a.m.s.f.DefaultMavenResourcesFiltering - Copying 1 resource from src\main\resources to target\classes
2024-09-01 22:23:06,902 [Worker-43: Building] INFO  o.a.m.s.f.DefaultMavenResourcesFiltering - Copying 0 resource from src\main\resources to target\classes
2024-09-01 22:23:06,908 [Worker-43: Building] INFO  o.a.m.s.f.DefaultMavenResourcesFiltering - skip non existing resourceDirectory C:\Users\user\Ecommerce_sytem_workspace\ecommerce_sys_Capstone_major_Final\src\test\resources
2024-09-01 22:28:12,803 [Worker-40: Building] INFO  o.a.m.s.f.DefaultMavenResourcesFiltering - Copying 1 resource from src\main\resources to target\classes
2024-09-01 22:28:12,817 [Worker-40: Building] INFO  o.a.m.s.f.DefaultMavenResourcesFiltering - Copying 0 resource from src\main\resources to target\classes
2024-09-01 22:28:12,824 [Worker-40: Building] INFO  o.a.m.s.f.DefaultMavenResourcesFiltering - skip non existing resourceDirectory C:\Users\user\Ecommerce_sytem_workspace\ecommerce_sys_Capstone_major_Final\src\test\resources
2024-09-01 22:50:18,044 [Worker-40: Launching CartItemServiceTest] INFO  o.a.m.s.f.DefaultMavenResourcesFiltering - Copying 0 resource from src\main\resources to target\classes
2024-09-01 22:50:18,051 [Worker-40: Launching CartItemServiceTest] INFO  o.a.m.s.f.DefaultMavenResourcesFiltering - Copying 0 resource from src\main\resources to target\classes
2024-09-01 22:50:18,056 [Worker-40: Launching CartItemServiceTest] INFO  o.a.m.s.f.DefaultMavenResourcesFiltering - skip non existing resourceDirectory C:\Users\user\Ecommerce_sytem_workspace\ecommerce_sys_Capstone_major_Final\src\test\resources
2024-09-01 22:51:03,046 [Worker-46: Building] INFO  o.a.m.s.f.DefaultMavenResourcesFiltering - Copying 0 resource from src\main\resources to target\classes
2024-09-01 22:51:03,048 [Worker-46: Building] INFO  o.a.m.s.f.DefaultMavenResourcesFiltering - Copying 0 resource from src\main\resources to target\classes
2024-09-01 22:51:03,055 [Worker-46: Building] INFO  o.a.m.s.f.DefaultMavenResourcesFiltering - skip non existing resourceDirectory C:\Users\user\Ecommerce_sytem_workspace\ecommerce_sys_Capstone_major_Final\src\test\resources
2024-09-01 22:54:28,328 [Worker-47: Building] INFO  o.a.m.s.f.DefaultMavenResourcesFiltering - Copying 0 resource from src\main\resources to target\classes
2024-09-01 22:54:28,330 [Worker-47: Building] INFO  o.a.m.s.f.DefaultMavenResourcesFiltering - Copying 0 resource from src\main\resources to target\classes
2024-09-01 22:54:28,335 [Worker-47: Building] INFO  o.a.m.s.f.DefaultMavenResourcesFiltering - skip non existing resourceDirectory C:\Users\user\Ecommerce_sytem_workspace\ecommerce_sys_Capstone_major_Final\src\test\resources
2024-09-01 23:02:10,247 [Worker-51: Building] INFO  o.a.m.s.f.DefaultMavenResourcesFiltering - Copying 1 resource from src\main\resources to target\classes
2024-09-01 23:02:10,280 [Worker-51: Building] INFO  o.a.m.s.f.DefaultMavenResourcesFiltering - Copying 0 resource from src\main\resources to target\classes
2024-09-01 23:02:10,288 [Worker-51: Building] INFO  o.a.m.s.f.DefaultMavenResourcesFiltering - skip non existing resourceDirectory C:\Users\user\Ecommerce_sytem_workspace\api-gateway-ecommerce\src\test\resources
2024-09-01 23:25:21,847 [Worker-46: Building] INFO  o.a.m.s.f.DefaultMavenResourcesFiltering - Copying 1 resource from src\main\resources to target\classes
2024-09-01 23:25:21,915 [Worker-46: Building] INFO  o.a.m.s.f.DefaultMavenResourcesFiltering - Copying 0 resource from src\main\resources to target\classes
2024-09-01 23:25:21,927 [Worker-46: Building] INFO  o.a.m.s.f.DefaultMavenResourcesFiltering - skip non existing resourceDirectory C:\Users\user\Ecommerce_sytem_workspace\eureka-server-ecommerce\src\test\resources
2024-09-01 23:27:27,881 [Worker-54: Building] INFO  o.a.m.s.f.DefaultMavenResourcesFiltering - Copying 0 resource from src\main\resources to target\classes
2024-09-01 23:27:27,883 [Worker-54: Building] INFO  o.a.m.s.f.DefaultMavenResourcesFiltering - Copying 0 resource from src\main\resources to target\classes
2024-09-01 23:27:27,887 [Worker-54: Building] INFO  o.a.m.s.f.DefaultMavenResourcesFiltering - skip non existing resourceDirectory C:\Users\user\Ecommerce_sytem_workspace\ecommerce_sys_Capstone_major_Final\src\test\resources
2024-09-01 23:30:58,184 [Worker-46: Building] INFO  o.a.m.s.f.DefaultMavenResourcesFiltering - Copying 0 resource from src\main\resources to target\classes
2024-09-01 23:30:58,185 [Worker-46: Building] INFO  o.a.m.s.f.DefaultMavenResourcesFiltering - Copying 0 resource from src\main\resources to target\classes
2024-09-01 23:30:58,189 [Worker-46: Building] INFO  o.a.m.s.f.DefaultMavenResourcesFiltering - skip non existing resourceDirectory C:\Users\user\Ecommerce_sytem_workspace\ecommerce_sys_Capstone_major_Final\src\test\resources
2024-09-01 23:33:09,596 [Worker-53: Building] INFO  o.a.m.s.f.DefaultMavenResourcesFiltering - Copying 0 resource from src\main\resources to target\classes
2024-09-01 23:33:09,597 [Worker-53: Building] INFO  o.a.m.s.f.DefaultMavenResourcesFiltering - Copying 0 resource from src\main\resources to target\classes
2024-09-01 23:33:09,600 [Worker-53: Building] INFO  o.a.m.s.f.DefaultMavenResourcesFiltering - skip non existing resourceDirectory C:\Users\user\Ecommerce_sytem_workspace\ecommerce_sys_Capstone_major_Final\src\test\resources
2024-09-02 00:02:54,564 [Stop Help Server] INFO  org.eclipse.jetty.server.Server - Stopped oejs.Server@2b0649f{STOPPING}[12.0.9,sto=0]
2024-09-02 00:02:54,586 [Stop Help Server] INFO  o.e.jetty.server.AbstractConnector - Stopped ServerConnector@44d519d8{HTTP/1.1, (http/1.1)}{127.0.0.1:0}
2024-09-02 09:18:22,464 [Worker-4: Loading available Gradle versions] INFO  o.e.b.c.i.u.g.PublishedGradleVersions - Gradle version information cache is up-to-date. Trying to read.
2024-09-02 09:53:07,912 [Start Help Server] INFO  org.eclipse.jetty.server.Server - jetty-12.0.9; built: 2024-05-03T13:03:17.262Z; git: efe8023327e67287f9bfd006700e6a71d45b5dd6; jvm 22.0.2+9
2024-09-02 09:53:08,020 [Start Help Server] INFO  o.e.j.server.handler.ContextHandler - Started oeje8n.ContextHandler$CoreContextHandler@42c1ecb9{/help,/help,b=null,a=AVAILABLE,h=oeje8n.ContextHandler$CoreContextHandler$CoreToNestedHandler@4a7e338f{STARTED}}
2024-09-02 09:53:08,021 [Start Help Server] INFO  o.e.j.s.DefaultSessionIdManager - Session workerName=node0
2024-09-02 09:53:08,071 [Start Help Server] INFO  o.e.jetty.server.AbstractConnector - Started ServerConnector@2be5bf64{HTTP/1.1, (http/1.1)}{127.0.0.1:51567}
2024-09-02 09:53:08,187 [Start Help Server] INFO  org.eclipse.jetty.server.Server - Started oejs.Server@7ed9f62b{STARTING}[12.0.9,sto=0] @2130224ms
2024-09-02 10:03:10,392 [Worker-27: Building] INFO  o.a.m.s.f.DefaultMavenResourcesFiltering - Copying 1 resource from src\main\resources to target\classes
2024-09-02 10:03:10,418 [Worker-27: Building] INFO  o.a.m.s.f.DefaultMavenResourcesFiltering - Copying 0 resource from src\main\resources to target\classes
2024-09-02 10:03:10,425 [Worker-27: Building] INFO  o.a.m.s.f.DefaultMavenResourcesFiltering - skip non existing resourceDirectory C:\Users\user\Ecommerce_sytem_workspace\ecommerce_sys_Capstone_major_Final\src\test\resources
2024-09-02 10:05:54,152 [Worker-30: Building] INFO  o.a.m.s.f.DefaultMavenResourcesFiltering - Copying 1 resource from src\main\resources to target\classes
2024-09-02 10:05:54,163 [Worker-30: Building] INFO  o.a.m.s.f.DefaultMavenResourcesFiltering - Copying 0 resource from src\main\resources to target\classes
2024-09-02 10:05:54,170 [Worker-30: Building] INFO  o.a.m.s.f.DefaultMavenResourcesFiltering - skip non existing resourceDirectory C:\Users\user\Ecommerce_sytem_workspace\ecommerce_sys_Capstone_major_Final\src\test\resources
